<?xml version="1.0" encoding="UTF-8"?>
<!-- Generated by org.testng.reporters.JUnitXMLReporter -->
<testsuite ignored="0" hostname="DESKTOP-5BBFA1D" failures="1" tests="9" name="Dollar Days Test" time="562.216" errors="0" timestamp="10 Jan 2021 22:42:50 GMT">
  <testcase classname="com.dollardays.testcases.MyFavoritesTestcase" name="TC_08BestMatch" time="53.99"/>
  <testcase classname="com.dollardays.testcases.MyFavoritesTestcase" name="TC_09NewestFirst" time="51.982"/>
  <testcase classname="com.dollardays.testcases.MyFavoritesTestcase" name="TC_10Popularity" time="48.565"/>
  <testcase classname="com.dollardays.testcases.MyFavoritesTestcase" name="TC_11CaseQuantity" time="50.58"/>
  <testcase classname="com.dollardays.testcases.MyFavoritesTestcase" name="TC_12PricePerUnitLH" time="45.877"/>
  <testcase classname="com.dollardays.testcases.MyFavoritesTestcase" name="TC_13PricePerUnitHL" time="13.322">
    <failure type="org.openqa.selenium.NoSuchElementException" message="Cannot locate element with text: Price Per Unit(High to Low)
For documentation on this error, please visit: http://seleniumhq.org/exceptions/no_such_element.html
Build info: version: &amp;apos;2.53.1&amp;apos;, revision: &amp;apos;a36b8b1cd5757287168e54b817830adce9b0158d&amp;apos;, time: &amp;apos;2016-06-30 19:26:09&amp;apos;
System info: host: &amp;apos;DESKTOP-5BBFA1D&amp;apos;, ip: &amp;apos;192.168.0.15&amp;apos;, os.name: &amp;apos;Windows 10&amp;apos;, os.arch: &amp;apos;amd64&amp;apos;, os.version: &amp;apos;10.0&amp;apos;, java.version: &amp;apos;14.0.2&amp;apos;
Driver info: driver.version: unknown">
      <![CDATA[org.openqa.selenium.NoSuchElementException: Cannot locate element with text: Price Per Unit(High to Low)
For documentation on this error, please visit: http://seleniumhq.org/exceptions/no_such_element.html
Build info: version: '2.53.1', revision: 'a36b8b1cd5757287168e54b817830adce9b0158d', time: '2016-06-30 19:26:09'
System info: host: 'DESKTOP-5BBFA1D', ip: '192.168.0.15', os.name: 'Windows 10', os.arch: 'amd64', os.version: '10.0', java.version: '14.0.2'
Driver info: driver.version: unknown
at org.openqa.selenium.support.ui.Select.selectByVisibleText(Select.java:150)
at com.dollardays.testcases.MyFavoritesTestcase.TC_13PricePerUnitHL(MyFavoritesTestcase.java:346)
... Removed 29 stack frames]]>
    </failure>
  </testcase> <!-- TC_13PricePerUnitHL -->
  <testcase classname="com.dollardays.testcases.MyFavoritesTestcase" name="TC_14AlphabeticallyByName" time="46.467"/>
  <testcase classname="com.dollardays.testcases.MyFavoritesTestcase" name="TC_15AddtoFavorites" time="95.677"/>
  <testcase classname="com.dollardays.testcases.MyFavoritesTestcase" name="TC_16ValidateProdFavPage" time="34.395"/>
</testsuite> <!-- Dollar Days Test -->
