<?xml version="1.0" encoding="UTF-8"?>
<testng-results ignored="0" total="41" passed="37" failed="4" skipped="0">
  <reporter-output>
  </reporter-output>
  <suite started-at="2021-01-10T22:57:18Z" name="Suite" finished-at="2021-01-10T22:57:18Z" duration-ms="0">
    <groups>
    </groups>
  </suite> <!-- Suite -->
  <suite started-at="2021-01-10T22:29:49Z" name="Suite (1)" finished-at="2021-01-10T22:33:27Z" duration-ms="218118">
    <groups>
    </groups>
    <test started-at="2021-01-10T22:29:49Z" name="Dollar Days Test" finished-at="2021-01-10T22:33:27Z" duration-ms="218118">
      <class name="com.dollardays.testcases.OrderHistoryTestcase">
        <test-method is-config="true" signature="beforeClass()[pri:0, instance:com.dollardays.testcases.OrderHistoryTestcase@5b38c1ec]" started-at="2021-01-10T22:29:49Z" name="beforeClass" finished-at="2021-01-10T22:29:49Z" duration-ms="1" status="PASS">
          <reporter-output>
          </reporter-output>
        </test-method> <!-- beforeClass -->
        <test-method is-config="true" signature="setUpBrowser()[pri:0, instance:com.dollardays.testcases.OrderHistoryTestcase@5b38c1ec]" started-at="2021-01-10T22:29:49Z" name="setUpBrowser" finished-at="2021-01-10T22:30:03Z" duration-ms="13165" status="PASS">
          <reporter-output>
          </reporter-output>
        </test-method> <!-- setUpBrowser -->
        <test-method signature="TC_01_orderHistory(java.util.Hashtable)[pri:0, instance:com.dollardays.testcases.OrderHistoryTestcase@5b38c1ec]" started-at="2021-01-10T22:30:03Z" name="TC_01_orderHistory" data-provider="dd-dataprovider" finished-at="2021-01-10T22:30:39Z" duration-ms="36693" status="FAIL">
          <params>
            <param index="0">
              <value>
                <![CDATA[{TestCase=Valid Login Credentials
 and click on Order History page, Start Date=, TCID=TC1, SheetName=Sheet2, Runmode=Yes, UserName=srikanthtesting100@gmail.com, Password=cGFzc3dvcmQxMjM=, End Date=, =}]]>
              </value>
            </param>
          </params>
          <exception class="org.openqa.selenium.WebDriverException">
            <message>
              <![CDATA[element click intercepted: Element <input type="submit" name="ctl00$cphContent$btnFetchOrders" value="Submit" id="ctl00_cphContent_btnFetchOrders" class=" btn dd-btn-primary"> is not clickable at point (1132, 353). Other element would receive the click: <p>...</p>
  (Session info: chrome=87.0.4280.141)
  (Driver info: chromedriver=87.0.4280.88 (89e2380a3e36c3464b5dd1302349b1382549290d-refs/branch-heads/4280@{#1761}),platform=Windows NT 10.0.19042 x86_64) (WARNING: The server did not provide any stacktrace information)
Command duration or timeout: 1.12 seconds
Build info: version: '2.53.1', revision: 'a36b8b1cd5757287168e54b817830adce9b0158d', time: '2016-06-30 19:26:09'
System info: host: 'DESKTOP-5BBFA1D', ip: '192.168.0.15', os.name: 'Windows 10', os.arch: 'amd64', os.version: '10.0', java.version: '14.0.2'
Driver info: org.openqa.selenium.chrome.ChromeDriver
Capabilities [{mobileEmulationEnabled=false, timeouts={implicit=0, pageLoad=300000, script=30000}, hasTouchScreen=false, platform=XP, acceptSslCerts=false, goog:chromeOptions={debuggerAddress=localhost:55261}, acceptInsecureCerts=false, webStorageEnabled=true, browserName=chrome, takesScreenshot=true, javascriptEnabled=true, setWindowRect=true, unexpectedAlertBehaviour=ignore, applicationCacheEnabled=false, rotatable=false, networkConnectionEnabled=false, chrome={chromedriverVersion=87.0.4280.88 (89e2380a3e36c3464b5dd1302349b1382549290d-refs/branch-heads/4280@{#1761}), userDataDir=C:\Users\bhuva\AppData\Local\Temp\scoped_dir30732_708565042}, takesHeapSnapshot=true, pageLoadStrategy=normal, strictFileInteractability=false, databaseEnabled=false, handlesAlerts=true, version=87.0.4280.141, browserConnectionEnabled=false, proxy={}, nativeEvents=true, locationContextEnabled=true, cssSelectorsEnabled=true, webauthn:virtualAuthenticators=true}]
Session ID: 18089fe19130944aae070ced8711cbe7]]>
            </message>
            <full-stacktrace>
              <![CDATA[org.openqa.selenium.WebDriverException: element click intercepted: Element <input type="submit" name="ctl00$cphContent$btnFetchOrders" value="Submit" id="ctl00_cphContent_btnFetchOrders" class=" btn dd-btn-primary"> is not clickable at point (1132, 353). Other element would receive the click: <p>...</p>
  (Session info: chrome=87.0.4280.141)
  (Driver info: chromedriver=87.0.4280.88 (89e2380a3e36c3464b5dd1302349b1382549290d-refs/branch-heads/4280@{#1761}),platform=Windows NT 10.0.19042 x86_64) (WARNING: The server did not provide any stacktrace information)
Command duration or timeout: 1.12 seconds
Build info: version: '2.53.1', revision: 'a36b8b1cd5757287168e54b817830adce9b0158d', time: '2016-06-30 19:26:09'
System info: host: 'DESKTOP-5BBFA1D', ip: '192.168.0.15', os.name: 'Windows 10', os.arch: 'amd64', os.version: '10.0', java.version: '14.0.2'
Driver info: org.openqa.selenium.chrome.ChromeDriver
Capabilities [{mobileEmulationEnabled=false, timeouts={implicit=0, pageLoad=300000, script=30000}, hasTouchScreen=false, platform=XP, acceptSslCerts=false, goog:chromeOptions={debuggerAddress=localhost:55261}, acceptInsecureCerts=false, webStorageEnabled=true, browserName=chrome, takesScreenshot=true, javascriptEnabled=true, setWindowRect=true, unexpectedAlertBehaviour=ignore, applicationCacheEnabled=false, rotatable=false, networkConnectionEnabled=false, chrome={chromedriverVersion=87.0.4280.88 (89e2380a3e36c3464b5dd1302349b1382549290d-refs/branch-heads/4280@{#1761}), userDataDir=C:\Users\bhuva\AppData\Local\Temp\scoped_dir30732_708565042}, takesHeapSnapshot=true, pageLoadStrategy=normal, strictFileInteractability=false, databaseEnabled=false, handlesAlerts=true, version=87.0.4280.141, browserConnectionEnabled=false, proxy={}, nativeEvents=true, locationContextEnabled=true, cssSelectorsEnabled=true, webauthn:virtualAuthenticators=true}]
Session ID: 18089fe19130944aae070ced8711cbe7
at java.base/jdk.internal.reflect.NativeConstructorAccessorImpl.newInstance0(Native Method)
at java.base/jdk.internal.reflect.NativeConstructorAccessorImpl.newInstance(NativeConstructorAccessorImpl.java:62)
at java.base/jdk.internal.reflect.DelegatingConstructorAccessorImpl.newInstance(DelegatingConstructorAccessorImpl.java:45)
at java.base/java.lang.reflect.Constructor.newInstanceWithCaller(Constructor.java:500)
at java.base/java.lang.reflect.Constructor.newInstance(Constructor.java:481)
at org.openqa.selenium.remote.ErrorHandler.createThrowable(ErrorHandler.java:206)
at org.openqa.selenium.remote.ErrorHandler.throwIfResponseFailed(ErrorHandler.java:158)
at org.openqa.selenium.remote.RemoteWebDriver.execute(RemoteWebDriver.java:678)
at org.openqa.selenium.remote.RemoteWebElement.execute(RemoteWebElement.java:327)
at org.openqa.selenium.remote.RemoteWebElement.click(RemoteWebElement.java:85)
at jdk.internal.reflect.GeneratedMethodAccessor3.invoke(Unknown Source)
at java.base/jdk.internal.reflect.DelegatingMethodAccessorImpl.invoke(DelegatingMethodAccessorImpl.java:43)
at java.base/java.lang.reflect.Method.invoke(Method.java:564)
at org.openqa.selenium.support.pagefactory.internal.LocatingElementHandler.invoke(LocatingElementHandler.java:51)
at com.sun.proxy.$Proxy12.click(Unknown Source)
at com.dollardays.testcases.OrderHistoryTestcase.TC_01_orderHistory(OrderHistoryTestcase.java:65)
at java.base/jdk.internal.reflect.NativeMethodAccessorImpl.invoke0(Native Method)
at java.base/jdk.internal.reflect.NativeMethodAccessorImpl.invoke(NativeMethodAccessorImpl.java:62)
at java.base/jdk.internal.reflect.DelegatingMethodAccessorImpl.invoke(DelegatingMethodAccessorImpl.java:43)
at java.base/java.lang.reflect.Method.invoke(Method.java:564)
at org.testng.internal.MethodInvocationHelper.invokeMethod(MethodInvocationHelper.java:124)
at org.testng.internal.Invoker.invokeMethod(Invoker.java:583)
at org.testng.internal.Invoker.invokeTestMethod(Invoker.java:719)
at org.testng.internal.Invoker.invokeTestMethods(Invoker.java:989)
at org.testng.internal.TestMethodWorker.invokeTestMethods(TestMethodWorker.java:125)
at org.testng.internal.TestMethodWorker.run(TestMethodWorker.java:109)
at org.testng.TestRunner.privateRun(TestRunner.java:648)
at org.testng.TestRunner.run(TestRunner.java:505)
at org.testng.SuiteRunner.runTest(SuiteRunner.java:455)
at org.testng.SuiteRunner.runSequentially(SuiteRunner.java:450)
at org.testng.SuiteRunner.privateRun(SuiteRunner.java:415)
at org.testng.SuiteRunner.run(SuiteRunner.java:364)
at org.testng.SuiteRunnerWorker.runSuite(SuiteRunnerWorker.java:52)
at org.testng.SuiteRunnerWorker.run(SuiteRunnerWorker.java:84)
at org.testng.TestNG.runSuitesSequentially(TestNG.java:1208)
at org.testng.TestNG.runSuitesSequentially(TestNG.java:1204)
at org.testng.TestNG.runSuitesLocally(TestNG.java:1137)
at org.testng.TestNG.runSuites(TestNG.java:1049)
at org.testng.TestNG.run(TestNG.java:1017)
at org.apache.maven.surefire.testng.TestNGExecutor.run(TestNGExecutor.java:281)
at org.apache.maven.surefire.testng.TestNGXmlTestSuite.execute(TestNGXmlTestSuite.java:75)
at org.apache.maven.surefire.testng.TestNGProvider.invoke(TestNGProvider.java:121)
at org.apache.maven.surefire.booter.ForkedBooter.invokeProviderInSameClassLoader(ForkedBooter.java:290)
at org.apache.maven.surefire.booter.ForkedBooter.runSuitesInProcess(ForkedBooter.java:242)
at org.apache.maven.surefire.booter.ForkedBooter.main(ForkedBooter.java:121)
]]>
            </full-stacktrace>
          </exception> <!-- org.openqa.selenium.WebDriverException -->
          <reporter-output>
          </reporter-output>
        </test-method> <!-- TC_01_orderHistory -->
        <test-method is-config="true" signature="quit()[pri:0, instance:com.dollardays.testcases.OrderHistoryTestcase@5b38c1ec]" started-at="2021-01-10T22:30:39Z" name="quit" finished-at="2021-01-10T22:30:40Z" duration-ms="1150" status="PASS">
          <reporter-output>
          </reporter-output>
        </test-method> <!-- quit -->
        <test-method is-config="true" signature="setUpBrowser()[pri:0, instance:com.dollardays.testcases.OrderHistoryTestcase@5b38c1ec]" started-at="2021-01-10T22:30:41Z" name="setUpBrowser" finished-at="2021-01-10T22:30:52Z" duration-ms="11129" status="PASS">
          <reporter-output>
          </reporter-output>
        </test-method> <!-- setUpBrowser -->
        <test-method signature="TC_02_orderHistory(java.util.Hashtable)[pri:0, instance:com.dollardays.testcases.OrderHistoryTestcase@5b38c1ec]" started-at="2021-01-10T22:30:52Z" name="TC_02_orderHistory" data-provider="dd-dataprovider" finished-at="2021-01-10T22:31:14Z" duration-ms="22036" status="FAIL">
          <params>
            <param index="0">
              <value>
                <![CDATA[{TestCase=Enter Start date and End date in the field, Start Date=44168.0, TCID=TC2, SheetName=Sheet2, Runmode=Yes, UserName=srikanthtesting100@gmail.com, Password=cGFzc3dvcmQxMjM=, End Date=44185.0, =}]]>
              </value>
            </param>
          </params>
          <exception class="org.openqa.selenium.WebDriverException">
            <message>
              <![CDATA[element click intercepted: Element <input type="submit" name="ctl00$cphContent$btnFetchOrders" value="Submit" id="ctl00_cphContent_btnFetchOrders" class=" btn dd-btn-primary"> is not clickable at point (1132, 353). Other element would receive the click: <p>...</p>
  (Session info: chrome=87.0.4280.141)
  (Driver info: chromedriver=87.0.4280.88 (89e2380a3e36c3464b5dd1302349b1382549290d-refs/branch-heads/4280@{#1761}),platform=Windows NT 10.0.19042 x86_64) (WARNING: The server did not provide any stacktrace information)
Command duration or timeout: 1.12 seconds
Build info: version: '2.53.1', revision: 'a36b8b1cd5757287168e54b817830adce9b0158d', time: '2016-06-30 19:26:09'
System info: host: 'DESKTOP-5BBFA1D', ip: '192.168.0.15', os.name: 'Windows 10', os.arch: 'amd64', os.version: '10.0', java.version: '14.0.2'
Driver info: org.openqa.selenium.chrome.ChromeDriver
Capabilities [{mobileEmulationEnabled=false, timeouts={implicit=0, pageLoad=300000, script=30000}, hasTouchScreen=false, platform=XP, acceptSslCerts=false, goog:chromeOptions={debuggerAddress=localhost:55358}, acceptInsecureCerts=false, webStorageEnabled=true, browserName=chrome, takesScreenshot=true, javascriptEnabled=true, setWindowRect=true, unexpectedAlertBehaviour=ignore, applicationCacheEnabled=false, rotatable=false, networkConnectionEnabled=false, chrome={chromedriverVersion=87.0.4280.88 (89e2380a3e36c3464b5dd1302349b1382549290d-refs/branch-heads/4280@{#1761}), userDataDir=C:\Users\bhuva\AppData\Local\Temp\scoped_dir22080_1663227348}, takesHeapSnapshot=true, pageLoadStrategy=normal, strictFileInteractability=false, databaseEnabled=false, handlesAlerts=true, version=87.0.4280.141, browserConnectionEnabled=false, proxy={}, nativeEvents=true, locationContextEnabled=true, cssSelectorsEnabled=true, webauthn:virtualAuthenticators=true}]
Session ID: 15cde0a3e5f473b7bbc1a9201e9a7dcd]]>
            </message>
            <full-stacktrace>
              <![CDATA[org.openqa.selenium.WebDriverException: element click intercepted: Element <input type="submit" name="ctl00$cphContent$btnFetchOrders" value="Submit" id="ctl00_cphContent_btnFetchOrders" class=" btn dd-btn-primary"> is not clickable at point (1132, 353). Other element would receive the click: <p>...</p>
  (Session info: chrome=87.0.4280.141)
  (Driver info: chromedriver=87.0.4280.88 (89e2380a3e36c3464b5dd1302349b1382549290d-refs/branch-heads/4280@{#1761}),platform=Windows NT 10.0.19042 x86_64) (WARNING: The server did not provide any stacktrace information)
Command duration or timeout: 1.12 seconds
Build info: version: '2.53.1', revision: 'a36b8b1cd5757287168e54b817830adce9b0158d', time: '2016-06-30 19:26:09'
System info: host: 'DESKTOP-5BBFA1D', ip: '192.168.0.15', os.name: 'Windows 10', os.arch: 'amd64', os.version: '10.0', java.version: '14.0.2'
Driver info: org.openqa.selenium.chrome.ChromeDriver
Capabilities [{mobileEmulationEnabled=false, timeouts={implicit=0, pageLoad=300000, script=30000}, hasTouchScreen=false, platform=XP, acceptSslCerts=false, goog:chromeOptions={debuggerAddress=localhost:55358}, acceptInsecureCerts=false, webStorageEnabled=true, browserName=chrome, takesScreenshot=true, javascriptEnabled=true, setWindowRect=true, unexpectedAlertBehaviour=ignore, applicationCacheEnabled=false, rotatable=false, networkConnectionEnabled=false, chrome={chromedriverVersion=87.0.4280.88 (89e2380a3e36c3464b5dd1302349b1382549290d-refs/branch-heads/4280@{#1761}), userDataDir=C:\Users\bhuva\AppData\Local\Temp\scoped_dir22080_1663227348}, takesHeapSnapshot=true, pageLoadStrategy=normal, strictFileInteractability=false, databaseEnabled=false, handlesAlerts=true, version=87.0.4280.141, browserConnectionEnabled=false, proxy={}, nativeEvents=true, locationContextEnabled=true, cssSelectorsEnabled=true, webauthn:virtualAuthenticators=true}]
Session ID: 15cde0a3e5f473b7bbc1a9201e9a7dcd
at java.base/jdk.internal.reflect.NativeConstructorAccessorImpl.newInstance0(Native Method)
at java.base/jdk.internal.reflect.NativeConstructorAccessorImpl.newInstance(NativeConstructorAccessorImpl.java:62)
at java.base/jdk.internal.reflect.DelegatingConstructorAccessorImpl.newInstance(DelegatingConstructorAccessorImpl.java:45)
at java.base/java.lang.reflect.Constructor.newInstanceWithCaller(Constructor.java:500)
at java.base/java.lang.reflect.Constructor.newInstance(Constructor.java:481)
at org.openqa.selenium.remote.ErrorHandler.createThrowable(ErrorHandler.java:206)
at org.openqa.selenium.remote.ErrorHandler.throwIfResponseFailed(ErrorHandler.java:158)
at org.openqa.selenium.remote.RemoteWebDriver.execute(RemoteWebDriver.java:678)
at org.openqa.selenium.remote.RemoteWebElement.execute(RemoteWebElement.java:327)
at org.openqa.selenium.remote.RemoteWebElement.click(RemoteWebElement.java:85)
at jdk.internal.reflect.GeneratedMethodAccessor3.invoke(Unknown Source)
at java.base/jdk.internal.reflect.DelegatingMethodAccessorImpl.invoke(DelegatingMethodAccessorImpl.java:43)
at java.base/java.lang.reflect.Method.invoke(Method.java:564)
at org.openqa.selenium.support.pagefactory.internal.LocatingElementHandler.invoke(LocatingElementHandler.java:51)
at com.sun.proxy.$Proxy12.click(Unknown Source)
at com.dollardays.testcases.OrderHistoryTestcase.TC_02_orderHistory(OrderHistoryTestcase.java:101)
at java.base/jdk.internal.reflect.NativeMethodAccessorImpl.invoke0(Native Method)
at java.base/jdk.internal.reflect.NativeMethodAccessorImpl.invoke(NativeMethodAccessorImpl.java:62)
at java.base/jdk.internal.reflect.DelegatingMethodAccessorImpl.invoke(DelegatingMethodAccessorImpl.java:43)
at java.base/java.lang.reflect.Method.invoke(Method.java:564)
at org.testng.internal.MethodInvocationHelper.invokeMethod(MethodInvocationHelper.java:124)
at org.testng.internal.Invoker.invokeMethod(Invoker.java:583)
at org.testng.internal.Invoker.invokeTestMethod(Invoker.java:719)
at org.testng.internal.Invoker.invokeTestMethods(Invoker.java:989)
at org.testng.internal.TestMethodWorker.invokeTestMethods(TestMethodWorker.java:125)
at org.testng.internal.TestMethodWorker.run(TestMethodWorker.java:109)
at org.testng.TestRunner.privateRun(TestRunner.java:648)
at org.testng.TestRunner.run(TestRunner.java:505)
at org.testng.SuiteRunner.runTest(SuiteRunner.java:455)
at org.testng.SuiteRunner.runSequentially(SuiteRunner.java:450)
at org.testng.SuiteRunner.privateRun(SuiteRunner.java:415)
at org.testng.SuiteRunner.run(SuiteRunner.java:364)
at org.testng.SuiteRunnerWorker.runSuite(SuiteRunnerWorker.java:52)
at org.testng.SuiteRunnerWorker.run(SuiteRunnerWorker.java:84)
at org.testng.TestNG.runSuitesSequentially(TestNG.java:1208)
at org.testng.TestNG.runSuitesSequentially(TestNG.java:1204)
at org.testng.TestNG.runSuitesLocally(TestNG.java:1137)
at org.testng.TestNG.runSuites(TestNG.java:1049)
at org.testng.TestNG.run(TestNG.java:1017)
at org.apache.maven.surefire.testng.TestNGExecutor.run(TestNGExecutor.java:281)
at org.apache.maven.surefire.testng.TestNGXmlTestSuite.execute(TestNGXmlTestSuite.java:75)
at org.apache.maven.surefire.testng.TestNGProvider.invoke(TestNGProvider.java:121)
at org.apache.maven.surefire.booter.ForkedBooter.invokeProviderInSameClassLoader(ForkedBooter.java:290)
at org.apache.maven.surefire.booter.ForkedBooter.runSuitesInProcess(ForkedBooter.java:242)
at org.apache.maven.surefire.booter.ForkedBooter.main(ForkedBooter.java:121)
]]>
            </full-stacktrace>
          </exception> <!-- org.openqa.selenium.WebDriverException -->
          <reporter-output>
          </reporter-output>
        </test-method> <!-- TC_02_orderHistory -->
        <test-method is-config="true" signature="quit()[pri:0, instance:com.dollardays.testcases.OrderHistoryTestcase@5b38c1ec]" started-at="2021-01-10T22:31:14Z" name="quit" finished-at="2021-01-10T22:31:15Z" duration-ms="1132" status="PASS">
          <reporter-output>
          </reporter-output>
        </test-method> <!-- quit -->
        <test-method is-config="true" signature="setUpBrowser()[pri:0, instance:com.dollardays.testcases.OrderHistoryTestcase@5b38c1ec]" started-at="2021-01-10T22:31:15Z" name="setUpBrowser" finished-at="2021-01-10T22:31:26Z" duration-ms="11384" status="PASS">
          <reporter-output>
          </reporter-output>
        </test-method> <!-- setUpBrowser -->
        <test-method signature="TC_03_orderHistory(java.util.Hashtable)[pri:0, instance:com.dollardays.testcases.OrderHistoryTestcase@5b38c1ec]" started-at="2021-01-10T22:31:26Z" name="TC_03_orderHistory" data-provider="dd-dataprovider" finished-at="2021-01-10T22:31:53Z" duration-ms="26850" status="FAIL">
          <params>
            <param index="0">
              <value>
                <![CDATA[{TestCase=Enter Start date and End date in the field, Start Date=44168.0, TCID=TC2, SheetName=Sheet2, Runmode=Yes, UserName=srikanthtesting100@gmail.com, Password=cGFzc3dvcmQxMjM=, End Date=44185.0, =}]]>
              </value>
            </param>
          </params>
          <exception class="org.openqa.selenium.WebDriverException">
            <message>
              <![CDATA[element click intercepted: Element <input type="submit" name="ctl00$cphContent$btnFetchOrders" value="Submit" id="ctl00_cphContent_btnFetchOrders" class=" btn dd-btn-primary"> is not clickable at point (1132, 353). Other element would receive the click: <p>...</p>
  (Session info: chrome=87.0.4280.141)
  (Driver info: chromedriver=87.0.4280.88 (89e2380a3e36c3464b5dd1302349b1382549290d-refs/branch-heads/4280@{#1761}),platform=Windows NT 10.0.19042 x86_64) (WARNING: The server did not provide any stacktrace information)
Command duration or timeout: 1.11 seconds
Build info: version: '2.53.1', revision: 'a36b8b1cd5757287168e54b817830adce9b0158d', time: '2016-06-30 19:26:09'
System info: host: 'DESKTOP-5BBFA1D', ip: '192.168.0.15', os.name: 'Windows 10', os.arch: 'amd64', os.version: '10.0', java.version: '14.0.2'
Driver info: org.openqa.selenium.chrome.ChromeDriver
Capabilities [{mobileEmulationEnabled=false, timeouts={implicit=0, pageLoad=300000, script=30000}, hasTouchScreen=false, platform=XP, acceptSslCerts=false, goog:chromeOptions={debuggerAddress=localhost:55446}, acceptInsecureCerts=false, webStorageEnabled=true, browserName=chrome, takesScreenshot=true, javascriptEnabled=true, setWindowRect=true, unexpectedAlertBehaviour=ignore, applicationCacheEnabled=false, rotatable=false, networkConnectionEnabled=false, chrome={chromedriverVersion=87.0.4280.88 (89e2380a3e36c3464b5dd1302349b1382549290d-refs/branch-heads/4280@{#1761}), userDataDir=C:\Users\bhuva\AppData\Local\Temp\scoped_dir2596_35679284}, takesHeapSnapshot=true, pageLoadStrategy=normal, strictFileInteractability=false, databaseEnabled=false, handlesAlerts=true, version=87.0.4280.141, browserConnectionEnabled=false, proxy={}, nativeEvents=true, locationContextEnabled=true, cssSelectorsEnabled=true, webauthn:virtualAuthenticators=true}]
Session ID: eb1afb849e8008112c4705464a1009bd]]>
            </message>
            <full-stacktrace>
              <![CDATA[org.openqa.selenium.WebDriverException: element click intercepted: Element <input type="submit" name="ctl00$cphContent$btnFetchOrders" value="Submit" id="ctl00_cphContent_btnFetchOrders" class=" btn dd-btn-primary"> is not clickable at point (1132, 353). Other element would receive the click: <p>...</p>
  (Session info: chrome=87.0.4280.141)
  (Driver info: chromedriver=87.0.4280.88 (89e2380a3e36c3464b5dd1302349b1382549290d-refs/branch-heads/4280@{#1761}),platform=Windows NT 10.0.19042 x86_64) (WARNING: The server did not provide any stacktrace information)
Command duration or timeout: 1.11 seconds
Build info: version: '2.53.1', revision: 'a36b8b1cd5757287168e54b817830adce9b0158d', time: '2016-06-30 19:26:09'
System info: host: 'DESKTOP-5BBFA1D', ip: '192.168.0.15', os.name: 'Windows 10', os.arch: 'amd64', os.version: '10.0', java.version: '14.0.2'
Driver info: org.openqa.selenium.chrome.ChromeDriver
Capabilities [{mobileEmulationEnabled=false, timeouts={implicit=0, pageLoad=300000, script=30000}, hasTouchScreen=false, platform=XP, acceptSslCerts=false, goog:chromeOptions={debuggerAddress=localhost:55446}, acceptInsecureCerts=false, webStorageEnabled=true, browserName=chrome, takesScreenshot=true, javascriptEnabled=true, setWindowRect=true, unexpectedAlertBehaviour=ignore, applicationCacheEnabled=false, rotatable=false, networkConnectionEnabled=false, chrome={chromedriverVersion=87.0.4280.88 (89e2380a3e36c3464b5dd1302349b1382549290d-refs/branch-heads/4280@{#1761}), userDataDir=C:\Users\bhuva\AppData\Local\Temp\scoped_dir2596_35679284}, takesHeapSnapshot=true, pageLoadStrategy=normal, strictFileInteractability=false, databaseEnabled=false, handlesAlerts=true, version=87.0.4280.141, browserConnectionEnabled=false, proxy={}, nativeEvents=true, locationContextEnabled=true, cssSelectorsEnabled=true, webauthn:virtualAuthenticators=true}]
Session ID: eb1afb849e8008112c4705464a1009bd
at java.base/jdk.internal.reflect.NativeConstructorAccessorImpl.newInstance0(Native Method)
at java.base/jdk.internal.reflect.NativeConstructorAccessorImpl.newInstance(NativeConstructorAccessorImpl.java:62)
at java.base/jdk.internal.reflect.DelegatingConstructorAccessorImpl.newInstance(DelegatingConstructorAccessorImpl.java:45)
at java.base/java.lang.reflect.Constructor.newInstanceWithCaller(Constructor.java:500)
at java.base/java.lang.reflect.Constructor.newInstance(Constructor.java:481)
at org.openqa.selenium.remote.ErrorHandler.createThrowable(ErrorHandler.java:206)
at org.openqa.selenium.remote.ErrorHandler.throwIfResponseFailed(ErrorHandler.java:158)
at org.openqa.selenium.remote.RemoteWebDriver.execute(RemoteWebDriver.java:678)
at org.openqa.selenium.remote.RemoteWebElement.execute(RemoteWebElement.java:327)
at org.openqa.selenium.remote.RemoteWebElement.click(RemoteWebElement.java:85)
at jdk.internal.reflect.GeneratedMethodAccessor3.invoke(Unknown Source)
at java.base/jdk.internal.reflect.DelegatingMethodAccessorImpl.invoke(DelegatingMethodAccessorImpl.java:43)
at java.base/java.lang.reflect.Method.invoke(Method.java:564)
at org.openqa.selenium.support.pagefactory.internal.LocatingElementHandler.invoke(LocatingElementHandler.java:51)
at com.sun.proxy.$Proxy12.click(Unknown Source)
at com.dollardays.testcases.OrderHistoryTestcase.TC_03_orderHistory(OrderHistoryTestcase.java:136)
at java.base/jdk.internal.reflect.NativeMethodAccessorImpl.invoke0(Native Method)
at java.base/jdk.internal.reflect.NativeMethodAccessorImpl.invoke(NativeMethodAccessorImpl.java:62)
at java.base/jdk.internal.reflect.DelegatingMethodAccessorImpl.invoke(DelegatingMethodAccessorImpl.java:43)
at java.base/java.lang.reflect.Method.invoke(Method.java:564)
at org.testng.internal.MethodInvocationHelper.invokeMethod(MethodInvocationHelper.java:124)
at org.testng.internal.Invoker.invokeMethod(Invoker.java:583)
at org.testng.internal.Invoker.invokeTestMethod(Invoker.java:719)
at org.testng.internal.Invoker.invokeTestMethods(Invoker.java:989)
at org.testng.internal.TestMethodWorker.invokeTestMethods(TestMethodWorker.java:125)
at org.testng.internal.TestMethodWorker.run(TestMethodWorker.java:109)
at org.testng.TestRunner.privateRun(TestRunner.java:648)
at org.testng.TestRunner.run(TestRunner.java:505)
at org.testng.SuiteRunner.runTest(SuiteRunner.java:455)
at org.testng.SuiteRunner.runSequentially(SuiteRunner.java:450)
at org.testng.SuiteRunner.privateRun(SuiteRunner.java:415)
at org.testng.SuiteRunner.run(SuiteRunner.java:364)
at org.testng.SuiteRunnerWorker.runSuite(SuiteRunnerWorker.java:52)
at org.testng.SuiteRunnerWorker.run(SuiteRunnerWorker.java:84)
at org.testng.TestNG.runSuitesSequentially(TestNG.java:1208)
at org.testng.TestNG.runSuitesSequentially(TestNG.java:1204)
at org.testng.TestNG.runSuitesLocally(TestNG.java:1137)
at org.testng.TestNG.runSuites(TestNG.java:1049)
at org.testng.TestNG.run(TestNG.java:1017)
at org.apache.maven.surefire.testng.TestNGExecutor.run(TestNGExecutor.java:281)
at org.apache.maven.surefire.testng.TestNGXmlTestSuite.execute(TestNGXmlTestSuite.java:75)
at org.apache.maven.surefire.testng.TestNGProvider.invoke(TestNGProvider.java:121)
at org.apache.maven.surefire.booter.ForkedBooter.invokeProviderInSameClassLoader(ForkedBooter.java:290)
at org.apache.maven.surefire.booter.ForkedBooter.runSuitesInProcess(ForkedBooter.java:242)
at org.apache.maven.surefire.booter.ForkedBooter.main(ForkedBooter.java:121)
]]>
            </full-stacktrace>
          </exception> <!-- org.openqa.selenium.WebDriverException -->
          <reporter-output>
          </reporter-output>
        </test-method> <!-- TC_03_orderHistory -->
        <test-method is-config="true" signature="quit()[pri:0, instance:com.dollardays.testcases.OrderHistoryTestcase@5b38c1ec]" started-at="2021-01-10T22:31:53Z" name="quit" finished-at="2021-01-10T22:31:54Z" duration-ms="1050" status="PASS">
          <reporter-output>
          </reporter-output>
        </test-method> <!-- quit -->
        <test-method is-config="true" signature="setUpBrowser()[pri:0, instance:com.dollardays.testcases.OrderHistoryTestcase@5b38c1ec]" started-at="2021-01-10T22:31:54Z" name="setUpBrowser" finished-at="2021-01-10T22:32:12Z" duration-ms="17324" status="PASS">
          <reporter-output>
          </reporter-output>
        </test-method> <!-- setUpBrowser -->
        <test-method signature="TC_04_orderHistory(java.util.Hashtable)[pri:0, instance:com.dollardays.testcases.OrderHistoryTestcase@5b38c1ec]" started-at="2021-01-10T22:32:12Z" name="TC_04_orderHistory" data-provider="dd-dataprovider" finished-at="2021-01-10T22:32:31Z" duration-ms="19422" status="PASS">
          <params>
            <param index="0">
              <value>
                <![CDATA[{TestCase=Enter Start date and End date in the field, Start Date=44168.0, TCID=TC2, SheetName=Sheet2, Runmode=Yes, UserName=srikanthtesting100@gmail.com, Password=cGFzc3dvcmQxMjM=, End Date=44185.0, =}]]>
              </value>
            </param>
          </params>
          <reporter-output>
          </reporter-output>
        </test-method> <!-- TC_04_orderHistory -->
        <test-method is-config="true" signature="quit()[pri:0, instance:com.dollardays.testcases.OrderHistoryTestcase@5b38c1ec]" started-at="2021-01-10T22:32:31Z" name="quit" finished-at="2021-01-10T22:32:32Z" duration-ms="1189" status="PASS">
          <reporter-output>
          </reporter-output>
        </test-method> <!-- quit -->
        <test-method is-config="true" signature="setUpBrowser()[pri:0, instance:com.dollardays.testcases.OrderHistoryTestcase@5b38c1ec]" started-at="2021-01-10T22:32:32Z" name="setUpBrowser" finished-at="2021-01-10T22:32:47Z" duration-ms="14579" status="PASS">
          <reporter-output>
          </reporter-output>
        </test-method> <!-- setUpBrowser -->
        <test-method signature="TC_05_orderHistory(java.util.Hashtable)[pri:0, instance:com.dollardays.testcases.OrderHistoryTestcase@5b38c1ec]" started-at="2021-01-10T22:32:47Z" name="TC_05_orderHistory" data-provider="dd-dataprovider" finished-at="2021-01-10T22:33:26Z" duration-ms="39441" status="PASS">
          <params>
            <param index="0">
              <value>
                <![CDATA[{TestCase=Enter Start date and End date in the field, Start Date=44168.0, TCID=TC2, SheetName=Sheet2, Runmode=Yes, UserName=srikanthtesting100@gmail.com, Password=cGFzc3dvcmQxMjM=, End Date=44185.0, =}]]>
              </value>
            </param>
          </params>
          <reporter-output>
          </reporter-output>
        </test-method> <!-- TC_05_orderHistory -->
        <test-method is-config="true" signature="quit()[pri:0, instance:com.dollardays.testcases.OrderHistoryTestcase@5b38c1ec]" started-at="2021-01-10T22:33:26Z" name="quit" finished-at="2021-01-10T22:33:27Z" duration-ms="1203" status="PASS">
          <reporter-output>
          </reporter-output>
        </test-method> <!-- quit -->
        <test-method is-config="true" signature="afterClass()[pri:0, instance:com.dollardays.testcases.OrderHistoryTestcase@5b38c1ec]" started-at="2021-01-10T22:33:27Z" name="afterClass" finished-at="2021-01-10T22:33:27Z" duration-ms="1" status="PASS">
          <reporter-output>
          </reporter-output>
        </test-method> <!-- afterClass -->
      </class> <!-- com.dollardays.testcases.OrderHistoryTestcase -->
    </test> <!-- Dollar Days Test -->
  </suite> <!-- Suite (1) -->
  <suite started-at="2021-01-10T22:25:25Z" name="Suite (0)" finished-at="2021-01-10T22:29:49Z" duration-ms="263555">
    <groups>
    </groups>
    <test started-at="2021-01-10T22:25:25Z" name="Test" finished-at="2021-01-10T22:29:49Z" duration-ms="263555">
      <class name="com.dollardays.testcases.NewAccountTestcase">
        <test-method is-config="true" signature="beforeClass()[pri:0, instance:com.dollardays.testcases.NewAccountTestcase@45d84a20]" started-at="2021-01-10T22:25:25Z" name="beforeClass" finished-at="2021-01-10T22:25:25Z" duration-ms="66" status="PASS">
          <reporter-output>
          </reporter-output>
        </test-method> <!-- beforeClass -->
        <test-method is-config="true" signature="setUpBrowser()[pri:0, instance:com.dollardays.testcases.NewAccountTestcase@45d84a20]" started-at="2021-01-10T22:25:28Z" name="setUpBrowser" finished-at="2021-01-10T22:25:41Z" duration-ms="13094" status="PASS">
          <reporter-output>
          </reporter-output>
        </test-method> <!-- setUpBrowser -->
        <test-method signature="createlogin(java.util.Hashtable)[pri:0, instance:com.dollardays.testcases.NewAccountTestcase@45d84a20]" started-at="2021-01-10T22:25:41Z" name="createlogin" data-provider="dd-dataprovider" finished-at="2021-01-10T22:25:57Z" duration-ms="16196" status="PASS">
          <params>
            <param index="0">
              <value>
                <![CDATA[{TestCase=Verify valid data, TCID=TC1, Lastname=lars, SheetName=CreateAccount, Confirmpassword=345.0, Runmode=Yes, Email=abc@gmail.com, Firstname=john, Password=345.0, Number=4.005006E8, =}]]>
              </value>
            </param>
          </params>
          <reporter-output>
          </reporter-output>
        </test-method> <!-- createlogin -->
        <test-method is-config="true" signature="quit()[pri:0, instance:com.dollardays.testcases.NewAccountTestcase@45d84a20]" started-at="2021-01-10T22:25:57Z" name="quit" finished-at="2021-01-10T22:25:59Z" duration-ms="1286" status="PASS">
          <reporter-output>
          </reporter-output>
        </test-method> <!-- quit -->
        <test-method is-config="true" signature="setUpBrowser()[pri:0, instance:com.dollardays.testcases.NewAccountTestcase@45d84a20]" started-at="2021-01-10T22:25:59Z" name="setUpBrowser" finished-at="2021-01-10T22:26:17Z" duration-ms="18087" status="PASS">
          <reporter-output>
          </reporter-output>
        </test-method> <!-- setUpBrowser -->
        <test-method signature="createlogin(java.util.Hashtable)[pri:0, instance:com.dollardays.testcases.NewAccountTestcase@45d84a20]" started-at="2021-01-10T22:26:17Z" name="createlogin" data-provider="dd-dataprovider" finished-at="2021-01-10T22:26:31Z" duration-ms="14057" status="PASS">
          <params>
            <param index="0">
              <value>
                <![CDATA[{TestCase=verify null data, TCID=TC2, Lastname=, SheetName=CreateAccount, Confirmpassword=, Runmode=Yes, Email=, Firstname=, Password=, Number=, =}]]>
              </value>
            </param>
          </params>
          <reporter-output>
          </reporter-output>
        </test-method> <!-- createlogin -->
        <test-method is-config="true" signature="quit()[pri:0, instance:com.dollardays.testcases.NewAccountTestcase@45d84a20]" started-at="2021-01-10T22:26:31Z" name="quit" finished-at="2021-01-10T22:26:32Z" duration-ms="1035" status="PASS">
          <reporter-output>
          </reporter-output>
        </test-method> <!-- quit -->
        <test-method is-config="true" signature="setUpBrowser()[pri:0, instance:com.dollardays.testcases.NewAccountTestcase@45d84a20]" started-at="2021-01-10T22:26:32Z" name="setUpBrowser" finished-at="2021-01-10T22:26:46Z" duration-ms="14554" status="PASS">
          <reporter-output>
          </reporter-output>
        </test-method> <!-- setUpBrowser -->
        <test-method signature="createlogin(java.util.Hashtable)[pri:0, instance:com.dollardays.testcases.NewAccountTestcase@45d84a20]" started-at="2021-01-10T22:26:46Z" name="createlogin" data-provider="dd-dataprovider" finished-at="2021-01-10T22:27:01Z" duration-ms="14329" status="PASS">
          <params>
            <param index="0">
              <value>
                <![CDATA[{TestCase=Verify required fields, TCID=TC3, Lastname=Abcdeffhfhkdfdkl48374n8973n89472, SheetName=CreateAccount, Confirmpassword=ab1, Runmode=Yes, Email=charlie@gmail.com, Firstname=CharlieBrown, Password=ab1, Number=, =}]]>
              </value>
            </param>
          </params>
          <reporter-output>
          </reporter-output>
        </test-method> <!-- createlogin -->
        <test-method is-config="true" signature="quit()[pri:0, instance:com.dollardays.testcases.NewAccountTestcase@45d84a20]" started-at="2021-01-10T22:27:01Z" name="quit" finished-at="2021-01-10T22:27:02Z" duration-ms="1126" status="PASS">
          <reporter-output>
          </reporter-output>
        </test-method> <!-- quit -->
        <test-method is-config="true" signature="setUpBrowser()[pri:0, instance:com.dollardays.testcases.NewAccountTestcase@45d84a20]" started-at="2021-01-10T22:27:02Z" name="setUpBrowser" finished-at="2021-01-10T22:27:13Z" duration-ms="11697" status="PASS">
          <reporter-output>
          </reporter-output>
        </test-method> <!-- setUpBrowser -->
        <test-method signature="createlogin(java.util.Hashtable)[pri:0, instance:com.dollardays.testcases.NewAccountTestcase@45d84a20]" started-at="2021-01-10T22:27:13Z" name="createlogin" data-provider="dd-dataprovider" finished-at="2021-01-10T22:27:27Z" duration-ms="14014" status="PASS">
          <params>
            <param index="0">
              <value>
                <![CDATA[{TestCase=Verify lastname field with maxcharacters, TCID=TC4, Lastname=, SheetName=CreateAccount, Confirmpassword=, Runmode=Yes, Email=, Firstname=abc, Password=, Number=, =}]]>
              </value>
            </param>
          </params>
          <reporter-output>
          </reporter-output>
        </test-method> <!-- createlogin -->
        <test-method is-config="true" signature="quit()[pri:0, instance:com.dollardays.testcases.NewAccountTestcase@45d84a20]" started-at="2021-01-10T22:27:27Z" name="quit" finished-at="2021-01-10T22:27:29Z" duration-ms="1160" status="PASS">
          <reporter-output>
          </reporter-output>
        </test-method> <!-- quit -->
        <test-method is-config="true" signature="setUpBrowser()[pri:0, instance:com.dollardays.testcases.NewAccountTestcase@45d84a20]" started-at="2021-01-10T22:27:29Z" name="setUpBrowser" finished-at="2021-01-10T22:27:40Z" duration-ms="11314" status="PASS">
          <reporter-output>
          </reporter-output>
        </test-method> <!-- setUpBrowser -->
        <test-method signature="createlogin(java.util.Hashtable)[pri:0, instance:com.dollardays.testcases.NewAccountTestcase@45d84a20]" started-at="2021-01-10T22:27:40Z" name="createlogin" data-provider="dd-dataprovider" finished-at="2021-01-10T22:27:56Z" duration-ms="16287" status="PASS">
          <params>
            <param index="0">
              <value>
                <![CDATA[{TestCase=Verify invalid data, TCID=TC5, Lastname=d, SheetName=CreateAccount, Confirmpassword=2.0, Runmode=Yes, Email=abd, Firstname=e, Password=2.0, Number=456.0, =}]]>
              </value>
            </param>
          </params>
          <reporter-output>
          </reporter-output>
        </test-method> <!-- createlogin -->
        <test-method is-config="true" signature="quit()[pri:0, instance:com.dollardays.testcases.NewAccountTestcase@45d84a20]" started-at="2021-01-10T22:27:56Z" name="quit" finished-at="2021-01-10T22:27:57Z" duration-ms="1133" status="PASS">
          <reporter-output>
          </reporter-output>
        </test-method> <!-- quit -->
        <test-method is-config="true" signature="setUpBrowser()[pri:0, instance:com.dollardays.testcases.NewAccountTestcase@45d84a20]" started-at="2021-01-10T22:27:57Z" name="setUpBrowser" finished-at="2021-01-10T22:28:09Z" duration-ms="11535" status="PASS">
          <reporter-output>
          </reporter-output>
        </test-method> <!-- setUpBrowser -->
        <test-method signature="createlogin(java.util.Hashtable)[pri:0, instance:com.dollardays.testcases.NewAccountTestcase@45d84a20]" started-at="2021-01-10T22:28:09Z" name="createlogin" data-provider="dd-dataprovider" finished-at="2021-01-10T22:28:25Z" duration-ms="16031" status="PASS">
          <params>
            <param index="0">
              <value>
                <![CDATA[{TestCase=Verify all the fields with numbers, TCID=TC6, Lastname=2.0, SheetName=CreateAccount, Confirmpassword=5.0, Runmode=Yes, Email=3.0, Firstname=1.0, Password=5.0, Number=4.0, =}]]>
              </value>
            </param>
          </params>
          <reporter-output>
          </reporter-output>
        </test-method> <!-- createlogin -->
        <test-method is-config="true" signature="quit()[pri:0, instance:com.dollardays.testcases.NewAccountTestcase@45d84a20]" started-at="2021-01-10T22:28:25Z" name="quit" finished-at="2021-01-10T22:28:26Z" duration-ms="1093" status="PASS">
          <reporter-output>
          </reporter-output>
        </test-method> <!-- quit -->
        <test-method is-config="true" signature="setUpBrowser()[pri:0, instance:com.dollardays.testcases.NewAccountTestcase@45d84a20]" started-at="2021-01-10T22:28:26Z" name="setUpBrowser" finished-at="2021-01-10T22:28:38Z" duration-ms="12280" status="PASS">
          <reporter-output>
          </reporter-output>
        </test-method> <!-- setUpBrowser -->
        <test-method signature="createlogin(java.util.Hashtable)[pri:0, instance:com.dollardays.testcases.NewAccountTestcase@45d84a20]" started-at="2021-01-10T22:28:38Z" name="createlogin" data-provider="dd-dataprovider" finished-at="2021-01-10T22:28:52Z" duration-ms="13999" status="PASS">
          <params>
            <param index="0">
              <value>
                <![CDATA[{TestCase=verify all the fields with numbers , TCID=TC7, Lastname=34353.0, SheetName=CreateAccount, Confirmpassword=, Runmode=Yes, Email=, Firstname=2343.0, Password=, Number=, =}]]>
              </value>
            </param>
          </params>
          <reporter-output>
          </reporter-output>
        </test-method> <!-- createlogin -->
        <test-method is-config="true" signature="quit()[pri:0, instance:com.dollardays.testcases.NewAccountTestcase@45d84a20]" started-at="2021-01-10T22:28:52Z" name="quit" finished-at="2021-01-10T22:28:53Z" duration-ms="1122" status="PASS">
          <reporter-output>
          </reporter-output>
        </test-method> <!-- quit -->
        <test-method is-config="true" signature="setUpBrowser()[pri:0, instance:com.dollardays.testcases.NewAccountTestcase@45d84a20]" started-at="2021-01-10T22:28:53Z" name="setUpBrowser" finished-at="2021-01-10T22:29:04Z" duration-ms="11017" status="PASS">
          <reporter-output>
          </reporter-output>
        </test-method> <!-- setUpBrowser -->
        <test-method signature="createlogin(java.util.Hashtable)[pri:0, instance:com.dollardays.testcases.NewAccountTestcase@45d84a20]" started-at="2021-01-10T22:29:04Z" name="createlogin" data-provider="dd-dataprovider" finished-at="2021-01-10T22:29:19Z" duration-ms="14823" status="PASS">
          <params>
            <param index="0">
              <value>
                <![CDATA[{TestCase=verify email field with numbers and chracters, TCID=TC8, Lastname=123asdertfffm34557, SheetName=CreateAccount, Confirmpassword=, Runmode=Yes, Email=, Firstname=, Password=, Number=, =}]]>
              </value>
            </param>
          </params>
          <reporter-output>
          </reporter-output>
        </test-method> <!-- createlogin -->
        <test-method is-config="true" signature="quit()[pri:0, instance:com.dollardays.testcases.NewAccountTestcase@45d84a20]" started-at="2021-01-10T22:29:19Z" name="quit" finished-at="2021-01-10T22:29:20Z" duration-ms="1137" status="PASS">
          <reporter-output>
          </reporter-output>
        </test-method> <!-- quit -->
        <test-method is-config="true" signature="setUpBrowser()[pri:0, instance:com.dollardays.testcases.NewAccountTestcase@45d84a20]" started-at="2021-01-10T22:29:20Z" name="setUpBrowser" finished-at="2021-01-10T22:29:32Z" duration-ms="11846" status="PASS">
          <reporter-output>
          </reporter-output>
        </test-method> <!-- setUpBrowser -->
        <test-method signature="createlogin(java.util.Hashtable)[pri:0, instance:com.dollardays.testcases.NewAccountTestcase@45d84a20]" started-at="2021-01-10T22:29:32Z" name="createlogin" data-provider="dd-dataprovider" finished-at="2021-01-10T22:29:48Z" duration-ms="15319" status="PASS">
          <params>
            <param index="0">
              <value>
                <![CDATA[{TestCase=Verify password fields with different passwords, TCID=TC9, Lastname=def, SheetName=CreateAccount, Confirmpassword=lkj, Runmode=Yes, Email=def@gmail.com, Firstname=abc, Password=jkl, Number=3.345678901E9, =}]]>
              </value>
            </param>
          </params>
          <reporter-output>
          </reporter-output>
        </test-method> <!-- createlogin -->
        <test-method is-config="true" signature="quit()[pri:0, instance:com.dollardays.testcases.NewAccountTestcase@45d84a20]" started-at="2021-01-10T22:29:48Z" name="quit" finished-at="2021-01-10T22:29:49Z" duration-ms="1069" status="PASS">
          <reporter-output>
          </reporter-output>
        </test-method> <!-- quit -->
        <test-method is-config="true" signature="afterClass()[pri:0, instance:com.dollardays.testcases.NewAccountTestcase@45d84a20]" started-at="2021-01-10T22:29:49Z" name="afterClass" finished-at="2021-01-10T22:29:49Z" duration-ms="1" status="PASS">
          <reporter-output>
          </reporter-output>
        </test-method> <!-- afterClass -->
      </class> <!-- com.dollardays.testcases.NewAccountTestcase -->
    </test> <!-- Test -->
  </suite> <!-- Suite (0) -->
  <suite started-at="2021-01-10T22:56:32Z" name="Suite (5)" finished-at="2021-01-10T22:57:18Z" duration-ms="45787">
    <groups>
    </groups>
    <test started-at="2021-01-10T22:56:32Z" name="Test" finished-at="2021-01-10T22:57:18Z" duration-ms="45787">
      <class name="com.dollardays.testcases.SubmitARequestTestcase">
        <test-method is-config="true" signature="beforeClass()[pri:0, instance:com.dollardays.testcases.SubmitARequestTestcase@4b520ea8]" started-at="2021-01-10T22:56:32Z" name="beforeClass" finished-at="2021-01-10T22:56:32Z" duration-ms="0" status="PASS">
          <reporter-output>
          </reporter-output>
        </test-method> <!-- beforeClass -->
        <test-method is-config="true" signature="setUpBrowser()[pri:0, instance:com.dollardays.testcases.SubmitARequestTestcase@4b520ea8]" started-at="2021-01-10T22:56:32Z" name="setUpBrowser" finished-at="2021-01-10T22:56:47Z" duration-ms="14559" status="PASS">
          <reporter-output>
          </reporter-output>
        </test-method> <!-- setUpBrowser -->
        <test-method signature="enteringthedata(java.util.Hashtable)[pri:0, instance:com.dollardays.testcases.SubmitARequestTestcase@4b520ea8]" started-at="2021-01-10T22:56:47Z" name="enteringthedata" data-provider="dd-dataprovider" finished-at="2021-01-10T22:57:16Z" duration-ms="29664" status="PASS">
          <params>
            <param index="0">
              <value>
                <![CDATA[{TestCase=Submit A Request with valid data , ordernumber=7890.0, TCID=TC1, SheetName=SubmitARequest, Runmode=yes , UserName=testingteams2021@gmail.com, Phone Number=8090900890, Password=dGVhbTIwMjE=, Message=This product has damage, Select RequestType=Damage}]]>
              </value>
            </param>
          </params>
          <reporter-output>
          </reporter-output>
        </test-method> <!-- enteringthedata -->
        <test-method is-config="true" signature="quit()[pri:0, instance:com.dollardays.testcases.SubmitARequestTestcase@4b520ea8]" started-at="2021-01-10T22:57:16Z" name="quit" finished-at="2021-01-10T22:57:18Z" duration-ms="1518" status="PASS">
          <reporter-output>
          </reporter-output>
        </test-method> <!-- quit -->
        <test-method is-config="true" signature="afterClass()[pri:0, instance:com.dollardays.testcases.SubmitARequestTestcase@4b520ea8]" started-at="2021-01-10T22:57:18Z" name="afterClass" finished-at="2021-01-10T22:57:18Z" duration-ms="0" status="PASS">
          <reporter-output>
          </reporter-output>
        </test-method> <!-- afterClass -->
      </class> <!-- com.dollardays.testcases.SubmitARequestTestcase -->
    </test> <!-- Test -->
  </suite> <!-- Suite (5) -->
  <suite started-at="2021-01-10T22:52:04Z" name="Suite (4)" finished-at="2021-01-10T22:56:32Z" duration-ms="268055">
    <groups>
    </groups>
    <test started-at="2021-01-10T22:52:04Z" name="My Wallet Test Case" finished-at="2021-01-10T22:56:32Z" duration-ms="268055">
      <class name="com.dollardays.testcases.MyWalletTestcase">
        <test-method is-config="true" signature="beforeClass()[pri:0, instance:com.dollardays.testcases.MyWalletTestcase@50378a4]" started-at="2021-01-10T22:52:04Z" name="beforeClass" finished-at="2021-01-10T22:52:04Z" duration-ms="0" status="PASS">
          <reporter-output>
          </reporter-output>
        </test-method> <!-- beforeClass -->
        <test-method is-config="true" signature="setUpBrowser()[pri:0, instance:com.dollardays.testcases.MyWalletTestcase@50378a4]" started-at="2021-01-10T22:52:04Z" name="setUpBrowser" finished-at="2021-01-10T22:52:16Z" duration-ms="11788" status="PASS">
          <reporter-output>
          </reporter-output>
        </test-method> <!-- setUpBrowser -->
        <test-method signature="addWallet(java.util.Hashtable)[pri:0, instance:com.dollardays.testcases.MyWalletTestcase@50378a4]" started-at="2021-01-10T22:52:16Z" name="addWallet" data-provider="dd-dataprovider" finished-at="2021-01-10T22:52:46Z" duration-ms="29821" status="PASS">
          <params>
            <param index="0">
              <value>
                <![CDATA[{Year=2021, Street Address=1234 W Greenwood St, TestCase=Add New Wallet, TCID=TC_DD_AddressBook_07, SheetName=Sheet3, Runmode=Yes, NameOnCard=Madhu Test, UserName=srikanthtesting100@gmail.com, Password=cGFzc3dvcmQxMjM=, Security Code=345, ExpirationDate=02-February, Zip Code=85286, City=Chandler, State=Arizona, CardNumber=1234567890123456, =}]]>
              </value>
            </param>
          </params>
          <reporter-output>
          </reporter-output>
        </test-method> <!-- addWallet -->
        <test-method is-config="true" signature="quit()[pri:0, instance:com.dollardays.testcases.MyWalletTestcase@50378a4]" started-at="2021-01-10T22:52:46Z" name="quit" finished-at="2021-01-10T22:52:47Z" duration-ms="1362" status="PASS">
          <reporter-output>
          </reporter-output>
        </test-method> <!-- quit -->
        <test-method is-config="true" signature="setUpBrowser()[pri:0, instance:com.dollardays.testcases.MyWalletTestcase@50378a4]" started-at="2021-01-10T22:52:47Z" name="setUpBrowser" finished-at="2021-01-10T22:52:58Z" duration-ms="11429" status="PASS">
          <reporter-output>
          </reporter-output>
        </test-method> <!-- setUpBrowser -->
        <test-method signature="addWallet(java.util.Hashtable)[pri:0, instance:com.dollardays.testcases.MyWalletTestcase@50378a4]" started-at="2021-01-10T22:52:58Z" name="addWallet" data-provider="dd-dataprovider" finished-at="2021-01-10T22:53:35Z" duration-ms="36378" status="PASS">
          <params>
            <param index="0">
              <value>
                <![CDATA[{Year=2022, Street Address=1234 W Redwood St, TestCase=Cancel Add New Wallet, TCID=TC_DD_AddressBook_08, SheetName=Sheet3, Runmode=Yes, NameOnCard=Raj Test, UserName=srikanthtesting100@gmail.com, Password=cGFzc3dvcmQxMjM=, Security Code=765, ExpirationDate=02-February, Zip Code=85286, City=Phoenix, State=Arizona, CardNumber=2342344323452122, =}]]>
              </value>
            </param>
          </params>
          <reporter-output>
          </reporter-output>
        </test-method> <!-- addWallet -->
        <test-method is-config="true" signature="quit()[pri:0, instance:com.dollardays.testcases.MyWalletTestcase@50378a4]" started-at="2021-01-10T22:53:35Z" name="quit" finished-at="2021-01-10T22:53:36Z" duration-ms="1271" status="PASS">
          <reporter-output>
          </reporter-output>
        </test-method> <!-- quit -->
        <test-method is-config="true" signature="setUpBrowser()[pri:0, instance:com.dollardays.testcases.MyWalletTestcase@50378a4]" started-at="2021-01-10T22:53:36Z" name="setUpBrowser" finished-at="2021-01-10T22:53:50Z" duration-ms="13651" status="PASS">
          <reporter-output>
          </reporter-output>
        </test-method> <!-- setUpBrowser -->
        <test-method signature="cancelWalletAdd(java.util.Hashtable)[pri:0, instance:com.dollardays.testcases.MyWalletTestcase@50378a4]" started-at="2021-01-10T22:53:50Z" name="cancelWalletAdd" data-provider="dd-dataprovider" finished-at="2021-01-10T22:54:18Z" duration-ms="28038" status="PASS">
          <params>
            <param index="0">
              <value>
                <![CDATA[{Year=2021, Street Address=1234 W Greenwood St, TestCase=Add New Wallet, TCID=TC_DD_AddressBook_07, SheetName=Sheet3, Runmode=Yes, NameOnCard=Madhu Test, UserName=srikanthtesting100@gmail.com, Password=cGFzc3dvcmQxMjM=, Security Code=345, ExpirationDate=02-February, Zip Code=85286, City=Chandler, State=Arizona, CardNumber=1234567890123456, =}]]>
              </value>
            </param>
          </params>
          <reporter-output>
          </reporter-output>
        </test-method> <!-- cancelWalletAdd -->
        <test-method is-config="true" signature="quit()[pri:0, instance:com.dollardays.testcases.MyWalletTestcase@50378a4]" started-at="2021-01-10T22:54:18Z" name="quit" finished-at="2021-01-10T22:54:19Z" duration-ms="870" status="PASS">
          <reporter-output>
          </reporter-output>
        </test-method> <!-- quit -->
        <test-method is-config="true" signature="setUpBrowser()[pri:0, instance:com.dollardays.testcases.MyWalletTestcase@50378a4]" started-at="2021-01-10T22:54:19Z" name="setUpBrowser" finished-at="2021-01-10T22:54:29Z" duration-ms="10086" status="PASS">
          <reporter-output>
          </reporter-output>
        </test-method> <!-- setUpBrowser -->
        <test-method signature="cancelWalletAdd(java.util.Hashtable)[pri:0, instance:com.dollardays.testcases.MyWalletTestcase@50378a4]" started-at="2021-01-10T22:54:29Z" name="cancelWalletAdd" data-provider="dd-dataprovider" finished-at="2021-01-10T22:54:55Z" duration-ms="26341" status="PASS">
          <params>
            <param index="0">
              <value>
                <![CDATA[{Year=2022, Street Address=1234 W Redwood St, TestCase=Cancel Add New Wallet, TCID=TC_DD_AddressBook_08, SheetName=Sheet3, Runmode=Yes, NameOnCard=Raj Test, UserName=srikanthtesting100@gmail.com, Password=cGFzc3dvcmQxMjM=, Security Code=765, ExpirationDate=02-February, Zip Code=85286, City=Phoenix, State=Arizona, CardNumber=2342344323452122, =}]]>
              </value>
            </param>
          </params>
          <reporter-output>
          </reporter-output>
        </test-method> <!-- cancelWalletAdd -->
        <test-method is-config="true" signature="quit()[pri:0, instance:com.dollardays.testcases.MyWalletTestcase@50378a4]" started-at="2021-01-10T22:54:55Z" name="quit" finished-at="2021-01-10T22:54:56Z" duration-ms="911" status="PASS">
          <reporter-output>
          </reporter-output>
        </test-method> <!-- quit -->
        <test-method is-config="true" signature="setUpBrowser()[pri:0, instance:com.dollardays.testcases.MyWalletTestcase@50378a4]" started-at="2021-01-10T22:54:56Z" name="setUpBrowser" finished-at="2021-01-10T22:55:14Z" duration-ms="17855" status="PASS">
          <reporter-output>
          </reporter-output>
        </test-method> <!-- setUpBrowser -->
        <test-method signature="editWallet(java.util.Hashtable)[pri:0, instance:com.dollardays.testcases.MyWalletTestcase@50378a4]" started-at="2021-01-10T22:55:14Z" name="editWallet" data-provider="dd-dataprovider" finished-at="2021-01-10T22:55:45Z" duration-ms="31231" status="PASS">
          <params>
            <param index="0">
              <value>
                <![CDATA[{Year=2021, Street Address=1234 W Greenwood St, TestCase=Add New Wallet, TCID=TC_DD_AddressBook_07, SheetName=Sheet3, Runmode=Yes, NameOnCard=Madhu Test, UserName=srikanthtesting100@gmail.com, Password=cGFzc3dvcmQxMjM=, Security Code=345, ExpirationDate=02-February, Zip Code=85286, City=Chandler, State=Arizona, CardNumber=1234567890123456, =}]]>
              </value>
            </param>
          </params>
          <reporter-output>
          </reporter-output>
        </test-method> <!-- editWallet -->
        <test-method is-config="true" signature="quit()[pri:0, instance:com.dollardays.testcases.MyWalletTestcase@50378a4]" started-at="2021-01-10T22:55:45Z" name="quit" finished-at="2021-01-10T22:55:46Z" duration-ms="1270" status="PASS">
          <reporter-output>
          </reporter-output>
        </test-method> <!-- quit -->
        <test-method is-config="true" signature="setUpBrowser()[pri:0, instance:com.dollardays.testcases.MyWalletTestcase@50378a4]" started-at="2021-01-10T22:55:46Z" name="setUpBrowser" finished-at="2021-01-10T22:55:59Z" duration-ms="12565" status="PASS">
          <reporter-output>
          </reporter-output>
        </test-method> <!-- setUpBrowser -->
        <test-method signature="editWallet(java.util.Hashtable)[pri:0, instance:com.dollardays.testcases.MyWalletTestcase@50378a4]" started-at="2021-01-10T22:55:59Z" name="editWallet" data-provider="dd-dataprovider" finished-at="2021-01-10T22:56:31Z" duration-ms="31763" status="PASS">
          <params>
            <param index="0">
              <value>
                <![CDATA[{Year=2022, Street Address=1234 W Redwood St, TestCase=Cancel Add New Wallet, TCID=TC_DD_AddressBook_08, SheetName=Sheet3, Runmode=Yes, NameOnCard=Raj Test, UserName=srikanthtesting100@gmail.com, Password=cGFzc3dvcmQxMjM=, Security Code=765, ExpirationDate=02-February, Zip Code=85286, City=Phoenix, State=Arizona, CardNumber=2342344323452122, =}]]>
              </value>
            </param>
          </params>
          <reporter-output>
          </reporter-output>
        </test-method> <!-- editWallet -->
        <test-method is-config="true" signature="quit()[pri:0, instance:com.dollardays.testcases.MyWalletTestcase@50378a4]" started-at="2021-01-10T22:56:31Z" name="quit" finished-at="2021-01-10T22:56:32Z" duration-ms="1271" status="PASS">
          <reporter-output>
          </reporter-output>
        </test-method> <!-- quit -->
        <test-method is-config="true" signature="afterClass()[pri:0, instance:com.dollardays.testcases.MyWalletTestcase@50378a4]" started-at="2021-01-10T22:56:32Z" name="afterClass" finished-at="2021-01-10T22:56:32Z" duration-ms="0" status="PASS">
          <reporter-output>
          </reporter-output>
        </test-method> <!-- afterClass -->
      </class> <!-- com.dollardays.testcases.MyWalletTestcase -->
    </test> <!-- My Wallet Test Case -->
  </suite> <!-- Suite (4) -->
  <suite started-at="2021-01-10T22:42:50Z" name="Suite (3)" finished-at="2021-01-10T22:52:04Z" duration-ms="553969">
    <groups>
    </groups>
    <test started-at="2021-01-10T22:42:50Z" name="My Address Book Test Case" finished-at="2021-01-10T22:52:04Z" duration-ms="553969">
      <class name="com.dollardays.testcases.MyAddressBookTestCase">
        <test-method is-config="true" signature="beforeClass()[pri:0, instance:com.dollardays.testcases.MyAddressBookTestCase@55de24cc]" started-at="2021-01-10T22:42:50Z" name="beforeClass" finished-at="2021-01-10T22:42:50Z" duration-ms="0" status="PASS">
          <reporter-output>
          </reporter-output>
        </test-method> <!-- beforeClass -->
        <test-method is-config="true" signature="setUpBrowser()[pri:0, instance:com.dollardays.testcases.MyAddressBookTestCase@55de24cc]" started-at="2021-01-10T22:42:50Z" name="setUpBrowser" finished-at="2021-01-10T22:43:01Z" duration-ms="11582" status="PASS">
          <reporter-output>
          </reporter-output>
        </test-method> <!-- setUpBrowser -->
        <test-method signature="addressBookCreate(java.util.Hashtable)[pri:0, instance:com.dollardays.testcases.MyAddressBookTestCase@55de24cc]" started-at="2021-01-10T22:43:01Z" name="addressBookCreate" data-provider="dd-dataprovider" finished-at="2021-01-10T22:43:44Z" duration-ms="42810" status="PASS">
          <params>
            <param index="0">
              <value>
                <![CDATA[{StreetAddress=1525 w Lark Dr, Password=cGFzc3dvcmQxMjM=, Country=United States of America, UserName=srikanthtesting100@gmail.com, State=Arizona, Runmode=Yes, Ext=, LastName=Sundar, Apt=, CompanyName=Bridges, FirstName=Madhumidha, TestCase=Verify SignIn Image dropdown and SignIn Link Functionality, ReceivingType=residentialRadioBtn, ZipCode=85286.0, City=Chandler, PhoneNumber=1.234567891E9, TCID=TC_DD_AddressBook_02, SheetName=Sheet2}]]>
              </value>
            </param>
          </params>
          <reporter-output>
          </reporter-output>
        </test-method> <!-- addressBookCreate -->
        <test-method is-config="true" signature="quit()[pri:0, instance:com.dollardays.testcases.MyAddressBookTestCase@55de24cc]" started-at="2021-01-10T22:43:44Z" name="quit" finished-at="2021-01-10T22:43:46Z" duration-ms="1338" status="PASS">
          <reporter-output>
          </reporter-output>
        </test-method> <!-- quit -->
        <test-method is-config="true" signature="setUpBrowser()[pri:0, instance:com.dollardays.testcases.MyAddressBookTestCase@55de24cc]" started-at="2021-01-10T22:43:46Z" name="setUpBrowser" finished-at="2021-01-10T22:43:57Z" duration-ms="11772" status="PASS">
          <reporter-output>
          </reporter-output>
        </test-method> <!-- setUpBrowser -->
        <test-method signature="addressBookCreate(java.util.Hashtable)[pri:0, instance:com.dollardays.testcases.MyAddressBookTestCase@55de24cc]" started-at="2021-01-10T22:43:57Z" name="addressBookCreate" data-provider="dd-dataprovider" finished-at="2021-01-10T22:45:09Z" duration-ms="71241" status="PASS">
          <params>
            <param index="0">
              <value>
                <![CDATA[{StreetAddress=1525 w Lark Dr, Password=cGFzc3dvcmQxMjM=, Country=United States of America, UserName=srikanthtesting100@gmail.com, State=Arizona, Runmode=Yes, Ext=, LastName=Sundar, Apt=, CompanyName=Bridges, FirstName=Madhumidha, TestCase=Verify User can Click and Add New Address Book, ReceivingType=residentialRadioBtn, ZipCode=85286.0, City=Chandler, PhoneNumber=1.234567891E9, TCID=TC_DD_AddressBook_03, SheetName=Sheet2}]]>
              </value>
            </param>
          </params>
          <reporter-output>
          </reporter-output>
        </test-method> <!-- addressBookCreate -->
        <test-method is-config="true" signature="quit()[pri:0, instance:com.dollardays.testcases.MyAddressBookTestCase@55de24cc]" started-at="2021-01-10T22:45:09Z" name="quit" finished-at="2021-01-10T22:45:10Z" duration-ms="1268" status="PASS">
          <reporter-output>
          </reporter-output>
        </test-method> <!-- quit -->
        <test-method is-config="true" signature="setUpBrowser()[pri:0, instance:com.dollardays.testcases.MyAddressBookTestCase@55de24cc]" started-at="2021-01-10T22:45:10Z" name="setUpBrowser" finished-at="2021-01-10T22:45:21Z" duration-ms="10963" status="PASS">
          <reporter-output>
          </reporter-output>
        </test-method> <!-- setUpBrowser -->
        <test-method signature="addressBookCreate(java.util.Hashtable)[pri:0, instance:com.dollardays.testcases.MyAddressBookTestCase@55de24cc]" started-at="2021-01-10T22:45:21Z" name="addressBookCreate" data-provider="dd-dataprovider" finished-at="2021-01-10T22:46:22Z" duration-ms="60943" status="PASS">
          <params>
            <param index="0">
              <value>
                <![CDATA[{StreetAddress=1525 W Lark Dr, Password=cGFzc3dvcmQxMjM=, Country=United States of America, UserName=srikanthtesting100@gmail.com, State=Arizona, Runmode=Yes, Ext=, LastName=, Apt=, CompanyName=, FirstName=Madhumidha, TestCase=Validate if user cannot  add new address book without mandatory fields, ReceivingType=residentialRadioBtn, ZipCode=85286.0, City=Chandler, PhoneNumber=6025541245, TCID=TC_DD_AddressBook_04, SheetName=Sheet2}]]>
              </value>
            </param>
          </params>
          <reporter-output>
          </reporter-output>
        </test-method> <!-- addressBookCreate -->
        <test-method is-config="true" signature="quit()[pri:0, instance:com.dollardays.testcases.MyAddressBookTestCase@55de24cc]" started-at="2021-01-10T22:46:22Z" name="quit" finished-at="2021-01-10T22:46:23Z" duration-ms="1285" status="PASS">
          <reporter-output>
          </reporter-output>
        </test-method> <!-- quit -->
        <test-method is-config="true" signature="setUpBrowser()[pri:0, instance:com.dollardays.testcases.MyAddressBookTestCase@55de24cc]" started-at="2021-01-10T22:46:23Z" name="setUpBrowser" finished-at="2021-01-10T22:46:36Z" duration-ms="13295" status="PASS">
          <reporter-output>
          </reporter-output>
        </test-method> <!-- setUpBrowser -->
        <test-method signature="addressBookCreate(java.util.Hashtable)[pri:0, instance:com.dollardays.testcases.MyAddressBookTestCase@55de24cc]" started-at="2021-01-10T22:46:36Z" name="addressBookCreate" data-provider="dd-dataprovider" finished-at="2021-01-10T22:47:10Z" duration-ms="33842" status="PASS">
          <params>
            <param index="0">
              <value>
                <![CDATA[{StreetAddress=1525 w Lark Dr, Password=cGFzc3dvcmQxMjM=, Country=United States of America, UserName=srikanthtesting100@gmail.com, State=Arizona, Runmode=Yes, Ext=, LastName=Test, Apt=, CompanyName=Bridges, FirstName=Madhumidha, TestCase=Verify "Save Changes" button in addressbook.aspx page, ReceivingType=residentialRadioBtn, ZipCode=85286.0, City=Chandler, PhoneNumber=1.234567891E9, TCID=TC_DD_AddressBook_05, SheetName=Sheet2}]]>
              </value>
            </param>
          </params>
          <reporter-output>
          </reporter-output>
        </test-method> <!-- addressBookCreate -->
        <test-method is-config="true" signature="quit()[pri:0, instance:com.dollardays.testcases.MyAddressBookTestCase@55de24cc]" started-at="2021-01-10T22:47:10Z" name="quit" finished-at="2021-01-10T22:47:12Z" duration-ms="1333" status="PASS">
          <reporter-output>
          </reporter-output>
        </test-method> <!-- quit -->
        <test-method is-config="true" signature="setUpBrowser()[pri:0, instance:com.dollardays.testcases.MyAddressBookTestCase@55de24cc]" started-at="2021-01-10T22:47:12Z" name="setUpBrowser" finished-at="2021-01-10T22:47:24Z" duration-ms="12844" status="PASS">
          <reporter-output>
          </reporter-output>
        </test-method> <!-- setUpBrowser -->
        <test-method signature="addressBookCreate(java.util.Hashtable)[pri:0, instance:com.dollardays.testcases.MyAddressBookTestCase@55de24cc]" started-at="2021-01-10T22:47:24Z" name="addressBookCreate" data-provider="dd-dataprovider" finished-at="2021-01-10T22:47:58Z" duration-ms="33083" status="PASS">
          <params>
            <param index="0">
              <value>
                <![CDATA[{StreetAddress=1525 w Lark Dr, Password=cGFzc3dvcmQxMjM=, Country=United States of America, UserName=srikanthtesting100@gmail.com, State=Arizona, Runmode=Yes, Ext=, LastName=Sundar, Apt=, CompanyName=Bridges, FirstName=Madhumidha, TestCase=Verify "Cancel" button in addressbook.aspx page, ReceivingType=residentialRadioBtn, ZipCode=85286.0, City=Chandler, PhoneNumber=1.234567891E9, TCID=TC_DD_AddressBook_06, SheetName=Sheet2}]]>
              </value>
            </param>
          </params>
          <reporter-output>
          </reporter-output>
        </test-method> <!-- addressBookCreate -->
        <test-method is-config="true" signature="quit()[pri:0, instance:com.dollardays.testcases.MyAddressBookTestCase@55de24cc]" started-at="2021-01-10T22:47:58Z" name="quit" finished-at="2021-01-10T22:47:59Z" duration-ms="1234" status="PASS">
          <reporter-output>
          </reporter-output>
        </test-method> <!-- quit -->
        <test-method is-config="true" signature="setUpBrowser()[pri:0, instance:com.dollardays.testcases.MyAddressBookTestCase@55de24cc]" started-at="2021-01-10T22:47:59Z" name="setUpBrowser" finished-at="2021-01-10T22:48:12Z" duration-ms="12760" status="PASS">
          <reporter-output>
          </reporter-output>
        </test-method> <!-- setUpBrowser -->
        <test-method signature="addressBookLastCancel(java.util.Hashtable)[pri:0, instance:com.dollardays.testcases.MyAddressBookTestCase@55de24cc]" started-at="2021-01-10T22:48:12Z" name="addressBookLastCancel" data-provider="dd-dataprovider" finished-at="2021-01-10T22:48:42Z" duration-ms="30469" status="PASS">
          <params>
            <param index="0">
              <value>
                <![CDATA[{StreetAddress=1525 w Lark Dr, Password=cGFzc3dvcmQxMjM=, Country=United States of America, UserName=srikanthtesting100@gmail.com, State=Arizona, Runmode=Yes, Ext=, LastName=Sundar, Apt=, CompanyName=Bridges, FirstName=Madhumidha, TestCase=Verify SignIn Image dropdown and SignIn Link Functionality, ReceivingType=residentialRadioBtn, ZipCode=85286.0, City=Chandler, PhoneNumber=1.234567891E9, TCID=TC_DD_AddressBook_02, SheetName=Sheet2}]]>
              </value>
            </param>
          </params>
          <reporter-output>
          </reporter-output>
        </test-method> <!-- addressBookLastCancel -->
        <test-method is-config="true" signature="quit()[pri:0, instance:com.dollardays.testcases.MyAddressBookTestCase@55de24cc]" started-at="2021-01-10T22:48:42Z" name="quit" finished-at="2021-01-10T22:48:43Z" duration-ms="1223" status="PASS">
          <reporter-output>
          </reporter-output>
        </test-method> <!-- quit -->
        <test-method is-config="true" signature="setUpBrowser()[pri:0, instance:com.dollardays.testcases.MyAddressBookTestCase@55de24cc]" started-at="2021-01-10T22:48:43Z" name="setUpBrowser" finished-at="2021-01-10T22:48:56Z" duration-ms="13159" status="PASS">
          <reporter-output>
          </reporter-output>
        </test-method> <!-- setUpBrowser -->
        <test-method signature="addressBookLastCancel(java.util.Hashtable)[pri:0, instance:com.dollardays.testcases.MyAddressBookTestCase@55de24cc]" started-at="2021-01-10T22:48:56Z" name="addressBookLastCancel" data-provider="dd-dataprovider" finished-at="2021-01-10T22:49:28Z" duration-ms="31301" status="PASS">
          <params>
            <param index="0">
              <value>
                <![CDATA[{StreetAddress=1525 w Lark Dr, Password=cGFzc3dvcmQxMjM=, Country=United States of America, UserName=srikanthtesting100@gmail.com, State=Arizona, Runmode=Yes, Ext=, LastName=Sundar, Apt=, CompanyName=Bridges, FirstName=Madhumidha, TestCase=Verify User can Click and Add New Address Book, ReceivingType=residentialRadioBtn, ZipCode=85286.0, City=Chandler, PhoneNumber=1.234567891E9, TCID=TC_DD_AddressBook_03, SheetName=Sheet2}]]>
              </value>
            </param>
          </params>
          <reporter-output>
          </reporter-output>
        </test-method> <!-- addressBookLastCancel -->
        <test-method is-config="true" signature="quit()[pri:0, instance:com.dollardays.testcases.MyAddressBookTestCase@55de24cc]" started-at="2021-01-10T22:49:28Z" name="quit" finished-at="2021-01-10T22:49:29Z" duration-ms="1213" status="PASS">
          <reporter-output>
          </reporter-output>
        </test-method> <!-- quit -->
        <test-method is-config="true" signature="setUpBrowser()[pri:0, instance:com.dollardays.testcases.MyAddressBookTestCase@55de24cc]" started-at="2021-01-10T22:49:29Z" name="setUpBrowser" finished-at="2021-01-10T22:49:42Z" duration-ms="13297" status="PASS">
          <reporter-output>
          </reporter-output>
        </test-method> <!-- setUpBrowser -->
        <test-method signature="addressBookLastCancel(java.util.Hashtable)[pri:0, instance:com.dollardays.testcases.MyAddressBookTestCase@55de24cc]" started-at="2021-01-10T22:49:42Z" name="addressBookLastCancel" data-provider="dd-dataprovider" finished-at="2021-01-10T22:50:13Z" duration-ms="30372" status="PASS">
          <params>
            <param index="0">
              <value>
                <![CDATA[{StreetAddress=1525 W Lark Dr, Password=cGFzc3dvcmQxMjM=, Country=United States of America, UserName=srikanthtesting100@gmail.com, State=Arizona, Runmode=Yes, Ext=, LastName=, Apt=, CompanyName=, FirstName=Madhumidha, TestCase=Validate if user cannot  add new address book without mandatory fields, ReceivingType=residentialRadioBtn, ZipCode=85286.0, City=Chandler, PhoneNumber=6025541245, TCID=TC_DD_AddressBook_04, SheetName=Sheet2}]]>
              </value>
            </param>
          </params>
          <reporter-output>
          </reporter-output>
        </test-method> <!-- addressBookLastCancel -->
        <test-method is-config="true" signature="quit()[pri:0, instance:com.dollardays.testcases.MyAddressBookTestCase@55de24cc]" started-at="2021-01-10T22:50:13Z" name="quit" finished-at="2021-01-10T22:50:14Z" duration-ms="1168" status="PASS">
          <reporter-output>
          </reporter-output>
        </test-method> <!-- quit -->
        <test-method is-config="true" signature="setUpBrowser()[pri:0, instance:com.dollardays.testcases.MyAddressBookTestCase@55de24cc]" started-at="2021-01-10T22:50:14Z" name="setUpBrowser" finished-at="2021-01-10T22:50:26Z" duration-ms="11774" status="PASS">
          <reporter-output>
          </reporter-output>
        </test-method> <!-- setUpBrowser -->
        <test-method signature="addressBookLastCancel(java.util.Hashtable)[pri:0, instance:com.dollardays.testcases.MyAddressBookTestCase@55de24cc]" started-at="2021-01-10T22:50:26Z" name="addressBookLastCancel" data-provider="dd-dataprovider" finished-at="2021-01-10T22:50:56Z" duration-ms="30607" status="PASS">
          <params>
            <param index="0">
              <value>
                <![CDATA[{StreetAddress=1525 w Lark Dr, Password=cGFzc3dvcmQxMjM=, Country=United States of America, UserName=srikanthtesting100@gmail.com, State=Arizona, Runmode=Yes, Ext=, LastName=Test, Apt=, CompanyName=Bridges, FirstName=Madhumidha, TestCase=Verify "Save Changes" button in addressbook.aspx page, ReceivingType=residentialRadioBtn, ZipCode=85286.0, City=Chandler, PhoneNumber=1.234567891E9, TCID=TC_DD_AddressBook_05, SheetName=Sheet2}]]>
              </value>
            </param>
          </params>
          <reporter-output>
          </reporter-output>
        </test-method> <!-- addressBookLastCancel -->
        <test-method is-config="true" signature="quit()[pri:0, instance:com.dollardays.testcases.MyAddressBookTestCase@55de24cc]" started-at="2021-01-10T22:50:56Z" name="quit" finished-at="2021-01-10T22:50:57Z" duration-ms="1195" status="PASS">
          <reporter-output>
          </reporter-output>
        </test-method> <!-- quit -->
        <test-method is-config="true" signature="setUpBrowser()[pri:0, instance:com.dollardays.testcases.MyAddressBookTestCase@55de24cc]" started-at="2021-01-10T22:50:57Z" name="setUpBrowser" finished-at="2021-01-10T22:51:09Z" duration-ms="11428" status="PASS">
          <reporter-output>
          </reporter-output>
        </test-method> <!-- setUpBrowser -->
        <test-method signature="addressBookLastCancel(java.util.Hashtable)[pri:0, instance:com.dollardays.testcases.MyAddressBookTestCase@55de24cc]" started-at="2021-01-10T22:51:09Z" name="addressBookLastCancel" data-provider="dd-dataprovider" finished-at="2021-01-10T22:51:40Z" duration-ms="30981" status="PASS">
          <params>
            <param index="0">
              <value>
                <![CDATA[{StreetAddress=1525 w Lark Dr, Password=cGFzc3dvcmQxMjM=, Country=United States of America, UserName=srikanthtesting100@gmail.com, State=Arizona, Runmode=Yes, Ext=, LastName=Sundar, Apt=, CompanyName=Bridges, FirstName=Madhumidha, TestCase=Verify "Cancel" button in addressbook.aspx page, ReceivingType=residentialRadioBtn, ZipCode=85286.0, City=Chandler, PhoneNumber=1.234567891E9, TCID=TC_DD_AddressBook_06, SheetName=Sheet2}]]>
              </value>
            </param>
          </params>
          <reporter-output>
          </reporter-output>
        </test-method> <!-- addressBookLastCancel -->
        <test-method is-config="true" signature="quit()[pri:0, instance:com.dollardays.testcases.MyAddressBookTestCase@55de24cc]" started-at="2021-01-10T22:51:40Z" name="quit" finished-at="2021-01-10T22:51:41Z" duration-ms="1174" status="PASS">
          <reporter-output>
          </reporter-output>
        </test-method> <!-- quit -->
        <test-method is-config="true" signature="setUpBrowser()[pri:0, instance:com.dollardays.testcases.MyAddressBookTestCase@55de24cc]" started-at="2021-01-10T22:51:41Z" name="setUpBrowser" finished-at="2021-01-10T22:51:52Z" duration-ms="11388" status="PASS">
          <reporter-output>
          </reporter-output>
        </test-method> <!-- setUpBrowser -->
        <test-method signature="login(java.util.Hashtable)[pri:0, instance:com.dollardays.testcases.MyAddressBookTestCase@55de24cc]" started-at="2021-01-10T22:51:52Z" name="login" data-provider="dd-dataprovider" finished-at="2021-01-10T22:52:03Z" duration-ms="10163" status="PASS">
          <params>
            <param index="0">
              <value>
                <![CDATA[{Apt=1234.0, TestCase=Valid Login Credentials, Ext=1.0, TCID=TC_DD_AddressBook_01, SheetName=Sheet1, Runmode=Yes, CompanyName=AAAA, PhoneNumber=1.234567891E9, StreetAddress=123 Pecos dr, UserName=srikanthtesting100@gmail.com, Password=cGFzc3dvcmQxMjM=, LastName=Sundar, ZipCode=85286.0, City=Chandler, FirstName=Madhu, State=Arizona, Country=United States of America}]]>
              </value>
            </param>
          </params>
          <reporter-output>
          </reporter-output>
        </test-method> <!-- login -->
        <test-method is-config="true" signature="quit()[pri:0, instance:com.dollardays.testcases.MyAddressBookTestCase@55de24cc]" started-at="2021-01-10T22:52:03Z" name="quit" finished-at="2021-01-10T22:52:04Z" duration-ms="1264" status="PASS">
          <reporter-output>
          </reporter-output>
        </test-method> <!-- quit -->
        <test-method is-config="true" signature="afterClass()[pri:0, instance:com.dollardays.testcases.MyAddressBookTestCase@55de24cc]" started-at="2021-01-10T22:52:04Z" name="afterClass" finished-at="2021-01-10T22:52:04Z" duration-ms="0" status="PASS">
          <reporter-output>
          </reporter-output>
        </test-method> <!-- afterClass -->
      </class> <!-- com.dollardays.testcases.MyAddressBookTestCase -->
    </test> <!-- My Address Book Test Case -->
  </suite> <!-- Suite (3) -->
  <suite started-at="2021-01-10T22:33:28Z" name="Suite (2)" finished-at="2021-01-10T22:42:50Z" duration-ms="562216">
    <groups>
    </groups>
    <test started-at="2021-01-10T22:33:28Z" name="Dollar Days Test" finished-at="2021-01-10T22:42:50Z" duration-ms="562216">
      <class name="com.dollardays.testcases.MyFavoritesTestcase">
        <test-method is-config="true" signature="beforeClass()[pri:0, instance:com.dollardays.testcases.MyFavoritesTestcase@68c9d179]" started-at="2021-01-10T22:33:28Z" name="beforeClass" finished-at="2021-01-10T22:33:28Z" duration-ms="0" status="PASS">
          <reporter-output>
          </reporter-output>
        </test-method> <!-- beforeClass -->
        <test-method is-config="true" signature="setUpBrowser()[pri:0, instance:com.dollardays.testcases.MyFavoritesTestcase@68c9d179]" started-at="2021-01-10T22:33:28Z" name="setUpBrowser" finished-at="2021-01-10T22:33:43Z" duration-ms="15783" status="PASS">
          <reporter-output>
          </reporter-output>
        </test-method> <!-- setUpBrowser -->
        <test-method signature="TC_08BestMatch(java.util.Hashtable)[pri:0, instance:com.dollardays.testcases.MyFavoritesTestcase@68c9d179]" started-at="2021-01-10T22:33:43Z" name="TC_08BestMatch" data-provider="dd-dataprovider" finished-at="2021-01-10T22:34:37Z" duration-ms="53990" status="PASS">
          <params>
            <param index="0">
              <value>
                <![CDATA[{Test Result=PASS, TestCase=Sort By Best Match & View  - 12,24,48, Comments=, TCID=TC8, SheetName=Favorites, Runmode=No, UserName=testingteams2021@gmail.com, Sort By=Best Match, Password=dGVhbTIwMjE=}]]>
              </value>
            </param>
          </params>
          <reporter-output>
          </reporter-output>
        </test-method> <!-- TC_08BestMatch -->
        <test-method is-config="true" signature="quit()[pri:0, instance:com.dollardays.testcases.MyFavoritesTestcase@68c9d179]" started-at="2021-01-10T22:34:37Z" name="quit" finished-at="2021-01-10T22:34:39Z" duration-ms="1242" status="PASS">
          <reporter-output>
          </reporter-output>
        </test-method> <!-- quit -->
        <test-method is-config="true" signature="setUpBrowser()[pri:0, instance:com.dollardays.testcases.MyFavoritesTestcase@68c9d179]" started-at="2021-01-10T22:34:39Z" name="setUpBrowser" finished-at="2021-01-10T22:34:50Z" duration-ms="10938" status="PASS">
          <reporter-output>
          </reporter-output>
        </test-method> <!-- setUpBrowser -->
        <test-method signature="TC_09NewestFirst(java.util.Hashtable)[pri:0, instance:com.dollardays.testcases.MyFavoritesTestcase@68c9d179]" started-at="2021-01-10T22:34:50Z" name="TC_09NewestFirst" data-provider="dd-dataprovider" finished-at="2021-01-10T22:35:42Z" duration-ms="51982" status="PASS">
          <params>
            <param index="0">
              <value>
                <![CDATA[{Test Result=PASS, TestCase=Sort By Newest First  & View  - 12,24,48, Comments=, TCID=TC9, SheetName=Favorites, Runmode=No, UserName=testingteams2021@gmail.com, Sort By=Newest First, Password=dGVhbTIwMjE=}]]>
              </value>
            </param>
          </params>
          <reporter-output>
          </reporter-output>
        </test-method> <!-- TC_09NewestFirst -->
        <test-method is-config="true" signature="quit()[pri:0, instance:com.dollardays.testcases.MyFavoritesTestcase@68c9d179]" started-at="2021-01-10T22:35:42Z" name="quit" finished-at="2021-01-10T22:35:43Z" duration-ms="1285" status="PASS">
          <reporter-output>
          </reporter-output>
        </test-method> <!-- quit -->
        <test-method is-config="true" signature="setUpBrowser()[pri:0, instance:com.dollardays.testcases.MyFavoritesTestcase@68c9d179]" started-at="2021-01-10T22:35:43Z" name="setUpBrowser" finished-at="2021-01-10T22:35:54Z" duration-ms="11297" status="PASS">
          <reporter-output>
          </reporter-output>
        </test-method> <!-- setUpBrowser -->
        <test-method signature="TC_10Popularity(java.util.Hashtable)[pri:0, instance:com.dollardays.testcases.MyFavoritesTestcase@68c9d179]" started-at="2021-01-10T22:35:54Z" name="TC_10Popularity" data-provider="dd-dataprovider" finished-at="2021-01-10T22:36:43Z" duration-ms="48565" status="PASS">
          <params>
            <param index="0">
              <value>
                <![CDATA[{Test Result=PASS, TestCase=Sort By Popularity  & View - 12,24,48, Comments=, TCID=TC10, SheetName=Favorites, Runmode=No, UserName=testingteams2021@gmail.com, Sort By=Popularity, Password=dGVhbTIwMjE=}]]>
              </value>
            </param>
          </params>
          <reporter-output>
          </reporter-output>
        </test-method> <!-- TC_10Popularity -->
        <test-method is-config="true" signature="quit()[pri:0, instance:com.dollardays.testcases.MyFavoritesTestcase@68c9d179]" started-at="2021-01-10T22:36:43Z" name="quit" finished-at="2021-01-10T22:36:44Z" duration-ms="1241" status="PASS">
          <reporter-output>
          </reporter-output>
        </test-method> <!-- quit -->
        <test-method is-config="true" signature="setUpBrowser()[pri:0, instance:com.dollardays.testcases.MyFavoritesTestcase@68c9d179]" started-at="2021-01-10T22:36:44Z" name="setUpBrowser" finished-at="2021-01-10T22:36:55Z" duration-ms="11237" status="PASS">
          <reporter-output>
          </reporter-output>
        </test-method> <!-- setUpBrowser -->
        <test-method signature="TC_11CaseQuantity(java.util.Hashtable)[pri:0, instance:com.dollardays.testcases.MyFavoritesTestcase@68c9d179]" started-at="2021-01-10T22:36:55Z" name="TC_11CaseQuantity" data-provider="dd-dataprovider" finished-at="2021-01-10T22:37:46Z" duration-ms="50580" status="PASS">
          <params>
            <param index="0">
              <value>
                <![CDATA[{Test Result=PASS, TestCase=Sort By Case Quantity  & View  - 12,24,48, Comments=, TCID=TC11, SheetName=Favorites, Runmode=No, UserName=testingteams2021@gmail.com, Sort By=Case Quantity, Password=dGVhbTIwMjE=}]]>
              </value>
            </param>
          </params>
          <reporter-output>
          </reporter-output>
        </test-method> <!-- TC_11CaseQuantity -->
        <test-method is-config="true" signature="quit()[pri:0, instance:com.dollardays.testcases.MyFavoritesTestcase@68c9d179]" started-at="2021-01-10T22:37:46Z" name="quit" finished-at="2021-01-10T22:37:47Z" duration-ms="1250" status="PASS">
          <reporter-output>
          </reporter-output>
        </test-method> <!-- quit -->
        <test-method is-config="true" signature="setUpBrowser()[pri:0, instance:com.dollardays.testcases.MyFavoritesTestcase@68c9d179]" started-at="2021-01-10T22:37:47Z" name="setUpBrowser" finished-at="2021-01-10T22:38:01Z" duration-ms="14170" status="PASS">
          <reporter-output>
          </reporter-output>
        </test-method> <!-- setUpBrowser -->
        <test-method signature="TC_12PricePerUnitLH(java.util.Hashtable)[pri:0, instance:com.dollardays.testcases.MyFavoritesTestcase@68c9d179]" started-at="2021-01-10T22:38:01Z" name="TC_12PricePerUnitLH" data-provider="dd-dataprovider" finished-at="2021-01-10T22:38:47Z" duration-ms="45877" status="PASS">
          <params>
            <param index="0">
              <value>
                <![CDATA[{Test Result=Fail, TestCase=Sort By Price Per Unit (Low to High)  & View  - 12,24,48, Comments=, TCID=TC12, SheetName=Favorites, Runmode=No, UserName=testingteams2021@gmail.com, Sort By=Price Per Unit(Low to High), Password=dGVhbTIwMjE=}]]>
              </value>
            </param>
          </params>
          <reporter-output>
          </reporter-output>
        </test-method> <!-- TC_12PricePerUnitLH -->
        <test-method is-config="true" signature="quit()[pri:0, instance:com.dollardays.testcases.MyFavoritesTestcase@68c9d179]" started-at="2021-01-10T22:38:47Z" name="quit" finished-at="2021-01-10T22:38:48Z" duration-ms="1281" status="PASS">
          <reporter-output>
          </reporter-output>
        </test-method> <!-- quit -->
        <test-method is-config="true" signature="setUpBrowser()[pri:0, instance:com.dollardays.testcases.MyFavoritesTestcase@68c9d179]" started-at="2021-01-10T22:38:49Z" name="setUpBrowser" finished-at="2021-01-10T22:39:00Z" duration-ms="11811" status="PASS">
          <reporter-output>
          </reporter-output>
        </test-method> <!-- setUpBrowser -->
        <test-method signature="TC_13PricePerUnitHL(java.util.Hashtable)[pri:0, instance:com.dollardays.testcases.MyFavoritesTestcase@68c9d179]" started-at="2021-01-10T22:39:00Z" name="TC_13PricePerUnitHL" data-provider="dd-dataprovider" finished-at="2021-01-10T22:39:14Z" duration-ms="13322" status="FAIL">
          <params>
            <param index="0">
              <value>
                <![CDATA[{Test Result=Fail, TestCase=Sort By Price Per Unit(High to Low)  & View  - 12,24,48, Comments=, TCID=TC13, SheetName=Favorites, Runmode=No, UserName=testingteams2021@gmail.com, Sort By=Price Per Unit(High to Low), Password=dGVhbTIwMjE=}]]>
              </value>
            </param>
          </params>
          <exception class="org.openqa.selenium.NoSuchElementException">
            <message>
              <![CDATA[Cannot locate element with text: Price Per Unit(High to Low)
For documentation on this error, please visit: http://seleniumhq.org/exceptions/no_such_element.html
Build info: version: '2.53.1', revision: 'a36b8b1cd5757287168e54b817830adce9b0158d', time: '2016-06-30 19:26:09'
System info: host: 'DESKTOP-5BBFA1D', ip: '192.168.0.15', os.name: 'Windows 10', os.arch: 'amd64', os.version: '10.0', java.version: '14.0.2'
Driver info: driver.version: unknown]]>
            </message>
            <full-stacktrace>
              <![CDATA[org.openqa.selenium.NoSuchElementException: Cannot locate element with text: Price Per Unit(High to Low)
For documentation on this error, please visit: http://seleniumhq.org/exceptions/no_such_element.html
Build info: version: '2.53.1', revision: 'a36b8b1cd5757287168e54b817830adce9b0158d', time: '2016-06-30 19:26:09'
System info: host: 'DESKTOP-5BBFA1D', ip: '192.168.0.15', os.name: 'Windows 10', os.arch: 'amd64', os.version: '10.0', java.version: '14.0.2'
Driver info: driver.version: unknown
at org.openqa.selenium.support.ui.Select.selectByVisibleText(Select.java:150)
at com.dollardays.testcases.MyFavoritesTestcase.TC_13PricePerUnitHL(MyFavoritesTestcase.java:346)
at java.base/jdk.internal.reflect.NativeMethodAccessorImpl.invoke0(Native Method)
at java.base/jdk.internal.reflect.NativeMethodAccessorImpl.invoke(NativeMethodAccessorImpl.java:62)
at java.base/jdk.internal.reflect.DelegatingMethodAccessorImpl.invoke(DelegatingMethodAccessorImpl.java:43)
at java.base/java.lang.reflect.Method.invoke(Method.java:564)
at org.testng.internal.MethodInvocationHelper.invokeMethod(MethodInvocationHelper.java:124)
at org.testng.internal.Invoker.invokeMethod(Invoker.java:583)
at org.testng.internal.Invoker.invokeTestMethod(Invoker.java:719)
at org.testng.internal.Invoker.invokeTestMethods(Invoker.java:989)
at org.testng.internal.TestMethodWorker.invokeTestMethods(TestMethodWorker.java:125)
at org.testng.internal.TestMethodWorker.run(TestMethodWorker.java:109)
at org.testng.TestRunner.privateRun(TestRunner.java:648)
at org.testng.TestRunner.run(TestRunner.java:505)
at org.testng.SuiteRunner.runTest(SuiteRunner.java:455)
at org.testng.SuiteRunner.runSequentially(SuiteRunner.java:450)
at org.testng.SuiteRunner.privateRun(SuiteRunner.java:415)
at org.testng.SuiteRunner.run(SuiteRunner.java:364)
at org.testng.SuiteRunnerWorker.runSuite(SuiteRunnerWorker.java:52)
at org.testng.SuiteRunnerWorker.run(SuiteRunnerWorker.java:84)
at org.testng.TestNG.runSuitesSequentially(TestNG.java:1208)
at org.testng.TestNG.runSuitesSequentially(TestNG.java:1204)
at org.testng.TestNG.runSuitesLocally(TestNG.java:1137)
at org.testng.TestNG.runSuites(TestNG.java:1049)
at org.testng.TestNG.run(TestNG.java:1017)
at org.apache.maven.surefire.testng.TestNGExecutor.run(TestNGExecutor.java:281)
at org.apache.maven.surefire.testng.TestNGXmlTestSuite.execute(TestNGXmlTestSuite.java:75)
at org.apache.maven.surefire.testng.TestNGProvider.invoke(TestNGProvider.java:121)
at org.apache.maven.surefire.booter.ForkedBooter.invokeProviderInSameClassLoader(ForkedBooter.java:290)
at org.apache.maven.surefire.booter.ForkedBooter.runSuitesInProcess(ForkedBooter.java:242)
at org.apache.maven.surefire.booter.ForkedBooter.main(ForkedBooter.java:121)
]]>
            </full-stacktrace>
          </exception> <!-- org.openqa.selenium.NoSuchElementException -->
          <reporter-output>
          </reporter-output>
        </test-method> <!-- TC_13PricePerUnitHL -->
        <test-method is-config="true" signature="quit()[pri:0, instance:com.dollardays.testcases.MyFavoritesTestcase@68c9d179]" started-at="2021-01-10T22:39:14Z" name="quit" finished-at="2021-01-10T22:39:15Z" duration-ms="1156" status="PASS">
          <reporter-output>
          </reporter-output>
        </test-method> <!-- quit -->
        <test-method is-config="true" signature="setUpBrowser()[pri:0, instance:com.dollardays.testcases.MyFavoritesTestcase@68c9d179]" started-at="2021-01-10T22:39:15Z" name="setUpBrowser" finished-at="2021-01-10T22:39:26Z" duration-ms="11507" status="PASS">
          <reporter-output>
          </reporter-output>
        </test-method> <!-- setUpBrowser -->
        <test-method signature="TC_14AlphabeticallyByName(java.util.Hashtable)[pri:0, instance:com.dollardays.testcases.MyFavoritesTestcase@68c9d179]" started-at="2021-01-10T22:39:26Z" name="TC_14AlphabeticallyByName" data-provider="dd-dataprovider" finished-at="2021-01-10T22:40:13Z" duration-ms="46467" status="PASS">
          <params>
            <param index="0">
              <value>
                <![CDATA[{Test Result=PASS, TestCase=Alphabetically By Name  & View  - 12,24,48, Comments=, TCID=TC14, SheetName=Favorites, Runmode=No, UserName=testingteams2021@gmail.com, Sort By=Alphabetically By Name, Password=dGVhbTIwMjE=}]]>
              </value>
            </param>
          </params>
          <reporter-output>
          </reporter-output>
        </test-method> <!-- TC_14AlphabeticallyByName -->
        <test-method is-config="true" signature="quit()[pri:0, instance:com.dollardays.testcases.MyFavoritesTestcase@68c9d179]" started-at="2021-01-10T22:40:13Z" name="quit" finished-at="2021-01-10T22:40:14Z" duration-ms="1250" status="PASS">
          <reporter-output>
          </reporter-output>
        </test-method> <!-- quit -->
        <test-method is-config="true" signature="setUpBrowser()[pri:0, instance:com.dollardays.testcases.MyFavoritesTestcase@68c9d179]" started-at="2021-01-10T22:40:14Z" name="setUpBrowser" finished-at="2021-01-10T22:40:26Z" duration-ms="11472" status="PASS">
          <reporter-output>
          </reporter-output>
        </test-method> <!-- setUpBrowser -->
        <test-method signature="TC_15AddtoFavorites(java.util.Hashtable)[pri:0, instance:com.dollardays.testcases.MyFavoritesTestcase@68c9d179]" started-at="2021-01-10T22:40:26Z" name="TC_15AddtoFavorites" data-provider="dd-dataprovider" finished-at="2021-01-10T22:42:01Z" duration-ms="95677" status="PASS">
          <params>
            <param index="0">
              <value>
                <![CDATA[{Test Result=PASS, TestCase=Favorite Symbol , Comments=Assuming the first product retrieved from search is non favorite, TCID=TC15, SheetName=Favorites, Runmode=No, UserName=testingteams2021@gmail.com, Sort By=Favorite Symbol, Password=dGVhbTIwMjE=}]]>
              </value>
            </param>
          </params>
          <reporter-output>
          </reporter-output>
        </test-method> <!-- TC_15AddtoFavorites -->
        <test-method is-config="true" signature="quit()[pri:0, instance:com.dollardays.testcases.MyFavoritesTestcase@68c9d179]" started-at="2021-01-10T22:42:01Z" name="quit" finished-at="2021-01-10T22:42:02Z" duration-ms="1211" status="PASS">
          <reporter-output>
          </reporter-output>
        </test-method> <!-- quit -->
        <test-method is-config="true" signature="setUpBrowser()[pri:0, instance:com.dollardays.testcases.MyFavoritesTestcase@68c9d179]" started-at="2021-01-10T22:42:02Z" name="setUpBrowser" finished-at="2021-01-10T22:42:14Z" duration-ms="11514" status="PASS">
          <reporter-output>
          </reporter-output>
        </test-method> <!-- setUpBrowser -->
        <test-method signature="TC_16ValidateProdFavPage(java.util.Hashtable)[pri:0, instance:com.dollardays.testcases.MyFavoritesTestcase@68c9d179]" started-at="2021-01-10T22:42:14Z" name="TC_16ValidateProdFavPage" data-provider="dd-dataprovider" finished-at="2021-01-10T22:42:48Z" duration-ms="34395" status="PASS">
          <params>
            <param index="0">
              <value>
                <![CDATA[{Test Result=PASS, TestCase=Validate Product in Favorite Page, Comments=, TCID=TC16, SheetName=Favorites, Runmode=No, UserName=testingteams2021@gmail.com, Sort By=Product in Favorite Page, Password=dGVhbTIwMjE=}]]>
              </value>
            </param>
          </params>
          <reporter-output>
          </reporter-output>
        </test-method> <!-- TC_16ValidateProdFavPage -->
        <test-method is-config="true" signature="quit()[pri:0, instance:com.dollardays.testcases.MyFavoritesTestcase@68c9d179]" started-at="2021-01-10T22:42:48Z" name="quit" finished-at="2021-01-10T22:42:50Z" duration-ms="1369" status="PASS">
          <reporter-output>
          </reporter-output>
        </test-method> <!-- quit -->
        <test-method is-config="true" signature="afterClass()[pri:0, instance:com.dollardays.testcases.MyFavoritesTestcase@68c9d179]" started-at="2021-01-10T22:42:50Z" name="afterClass" finished-at="2021-01-10T22:42:50Z" duration-ms="1" status="PASS">
          <reporter-output>
          </reporter-output>
        </test-method> <!-- afterClass -->
      </class> <!-- com.dollardays.testcases.MyFavoritesTestcase -->
    </test> <!-- Dollar Days Test -->
  </suite> <!-- Suite (2) -->
</testng-results>
